2021-10-11 18:12:55,351 [INFO] Activator:177 - 


2021-10-11 18:12:55,354 [INFO] Activator:178 - !SESSION log4j initialized
2021-10-15 13:57:07,647 [INFO] Activator:177 - 


2021-10-15 13:57:07,659 [INFO] Activator:178 - !SESSION log4j initialized
2021-10-16 14:58:43,443 [INFO] Activator:177 - 


2021-10-16 14:58:43,447 [INFO] Activator:178 - !SESSION log4j initialized
2021-10-18 13:52:56,317 [INFO] Activator:177 - 


2021-10-18 13:52:56,322 [INFO] Activator:178 - !SESSION log4j initialized
2021-10-18 14:39:27,093 [INFO] Activator:177 - 


2021-10-18 14:39:27,098 [INFO] Activator:178 - !SESSION log4j initialized
2021-10-18 15:25:30,818 [INFO] Activator:177 - 


2021-10-18 15:25:30,822 [INFO] Activator:178 - !SESSION log4j initialized
2021-10-18 15:36:24,719 [INFO] Activator:177 - 


2021-10-18 15:36:24,724 [INFO] Activator:178 - !SESSION log4j initialized
2021-10-19 09:05:02,118 [INFO] Activator:177 - 


2021-10-19 09:05:02,123 [INFO] Activator:178 - !SESSION log4j initialized
2021-10-19 09:07:06,842 [INFO] Activator:177 - 


2021-10-19 09:07:06,846 [INFO] Activator:178 - !SESSION log4j initialized
2021-10-19 10:21:39,051 [INFO] Activator:177 - 


2021-10-19 10:21:39,055 [INFO] Activator:178 - !SESSION log4j initialized
2021-10-19 11:16:24,448 [INFO] Activator:177 - 


2021-10-19 11:16:24,453 [INFO] Activator:178 - !SESSION log4j initialized
2021-10-19 11:55:41,531 [INFO] Activator:177 - 


2021-10-19 11:55:41,535 [INFO] Activator:178 - !SESSION log4j initialized
2021-10-19 11:56:32,916 [INFO] RetryExec:97 - I/O exception (org.apache.http.NoHttpResponseException) caught when processing request to {s}->https://sw-center.st.com:443: The target server failed to respond
2021-10-19 11:56:32,919 [INFO] RetryExec:113 - Retrying request to {s}->https://sw-center.st.com:443
2021-10-19 11:56:34,854 [INFO] RetryExec:97 - I/O exception (org.apache.http.NoHttpResponseException) caught when processing request to {s}->https://sw-center.st.com:443: The target server failed to respond
2021-10-19 11:56:34,855 [INFO] RetryExec:113 - Retrying request to {s}->https://sw-center.st.com:443
2021-10-19 13:41:09,832 [INFO] Activator:177 - 


2021-10-19 13:41:09,837 [INFO] Activator:178 - !SESSION log4j initialized
2021-10-19 21:14:06,940 [INFO] Activator:177 - 


2021-10-19 21:14:06,951 [INFO] Activator:178 - !SESSION log4j initialized
2021-10-19 21:37:01,397 [INFO] Activator:177 - 


2021-10-19 21:37:01,444 [INFO] Activator:178 - !SESSION log4j initialized
2021-10-19 21:38:54,614 [INFO] Activator:177 - 


2021-10-19 21:38:54,632 [INFO] Activator:178 - !SESSION log4j initialized
2021-10-19 21:54:57,006 [INFO] Activator:177 - 


2021-10-19 21:54:57,015 [INFO] Activator:178 - !SESSION log4j initialized
2021-10-19 22:04:30,451 [INFO] McuFinderGlobals:39 - Set McuFinder mode to 2 (CubeIDE integrated)
2021-10-19 22:04:31,198 [INFO] ApplicationProperties:181 - Using Application install path: /opt/st/stm32cubeide_1.7.0/plugins/com.st.stm32cube.common.mx_6.3.0.202107141111
2021-10-19 22:04:31,248 [INFO] DbMcusXml:74 - Set database path to: /opt/st/stm32cubeide_1.7.0/plugins/com.st.stm32cube.common.mx_6.3.0.202107141111//db//mcu/
2021-10-19 22:04:31,279 [INFO] DbBoardsPdsc:56 - Set plugin database path to: /opt/st/stm32cubeide_1.7.0/plugins/com.st.stm32cube.common.mx_6.3.0.202107141111//db//plugins/boardmanager/
2021-10-19 22:04:31,280 [INFO] DbMcus:258 - Set plugin images path to: /opt/st/stm32cubeide_1.7.0/plugins/com.st.stm32cube.common.mx_6.3.0.202107141111//db//plugins/mcufinder/images/
2021-10-19 22:04:31,281 [INFO] DbBoards:264 - Set plugin images path to: /opt/st/stm32cubeide_1.7.0/plugins/com.st.stm32cube.common.mx_6.3.0.202107141111//db//plugins/mcufinder/images/
2021-10-19 22:04:31,292 [INFO] DbExamples:333 - Set plugin images path to: /opt/st/stm32cubeide_1.7.0/plugins/com.st.stm32cube.common.mx_6.3.0.202107141111//db//plugins/mcufinder/images/
2021-10-19 22:04:31,325 [INFO] DbMcusAds:119 - Set database path to: /home/pato/.stmcufinder/plugins/mcufinder//mcu/
2021-10-19 22:04:31,330 [INFO] DbMcusDocs:110 - Set database path to: /home/pato/.stmcufinder/plugins/mcufinder//mcu/
2021-10-19 22:04:31,346 [INFO] DbMcusJson:64 - Set database path to: /home/pato/.stmcufinder/plugins/mcufinder//mcu/
2021-10-19 22:04:31,349 [INFO] DbBoardsDocs:110 - Set database path to: /home/pato/.stmcufinder/plugins/mcufinder//mcu/
2021-10-19 22:04:31,357 [INFO] DbBoardsJson:57 - Set database path to: /home/pato/.stmcufinder/plugins/mcufinder//mcu/
2021-10-19 22:04:31,409 [INFO] CrossReferenceDbSqlite:196 - Set database path to: /home/pato/.stmcufinder/plugins/mcufinder//mcu/cs/
2021-10-19 22:04:31,422 [INFO] DbExamplesSqlite:767 - Set database path to: /home/pato/.stmcufinder/plugins/mcufinder//mcu/
2021-10-19 22:04:32,112 [INFO] RulesReader:57 - Compatibility file has been processed (242 Rules)
2021-10-19 22:04:32,649 [INFO] DbMcusXml:74 - Set database path to: /opt/st/stm32cubeide_1.7.0/plugins/com.st.stm32cube.common.mx_6.3.0.202107141111//db//mcu/
2021-10-19 22:04:32,658 [INFO] DbBoardsPdsc:56 - Set plugin database path to: /opt/st/stm32cubeide_1.7.0/plugins/com.st.stm32cube.common.mx_6.3.0.202107141111//db//plugins/boardmanager/
2021-10-19 22:04:32,659 [INFO] DbMcus:258 - Set plugin images path to: /opt/st/stm32cubeide_1.7.0/plugins/com.st.stm32cube.common.mx_6.3.0.202107141111//db//plugins/mcufinder/images/
2021-10-19 22:04:32,659 [INFO] DbBoards:264 - Set plugin images path to: /opt/st/stm32cubeide_1.7.0/plugins/com.st.stm32cube.common.mx_6.3.0.202107141111//db//plugins/mcufinder/images/
2021-10-19 22:04:32,660 [INFO] DbExamples:333 - Set plugin images path to: /opt/st/stm32cubeide_1.7.0/plugins/com.st.stm32cube.common.mx_6.3.0.202107141111//db//plugins/mcufinder/images/
2021-10-19 22:04:32,662 [WARN] DbFile:35 - Overriding database path with different value: /home/pato/.stmcufinder/plugins/mcufinder/ => /home/pato/.stmcufinder/plugins/mcufinder
2021-10-19 22:04:32,663 [INFO] DbMcusAds:119 - Set database path to: /home/pato/.stmcufinder/plugins/mcufinder//mcu/
2021-10-19 22:04:32,663 [WARN] DbFile:35 - Overriding database path with different value: /home/pato/.stmcufinder/plugins/mcufinder/ => /home/pato/.stmcufinder/plugins/mcufinder
2021-10-19 22:04:32,664 [INFO] DbMcusDocs:110 - Set database path to: /home/pato/.stmcufinder/plugins/mcufinder//mcu/
2021-10-19 22:04:32,664 [WARN] DbFile:35 - Overriding database path with different value: /home/pato/.stmcufinder/plugins/mcufinder/ => /home/pato/.stmcufinder/plugins/mcufinder
2021-10-19 22:04:32,665 [INFO] DbMcusJson:64 - Set database path to: /home/pato/.stmcufinder/plugins/mcufinder//mcu/
2021-10-19 22:04:32,668 [WARN] DbFile:35 - Overriding database path with different value: /home/pato/.stmcufinder/plugins/mcufinder/ => /home/pato/.stmcufinder/plugins/mcufinder
2021-10-19 22:04:32,669 [INFO] DbBoardsDocs:110 - Set database path to: /home/pato/.stmcufinder/plugins/mcufinder//mcu/
2021-10-19 22:04:32,669 [WARN] DbFile:35 - Overriding database path with different value: /home/pato/.stmcufinder/plugins/mcufinder/ => /home/pato/.stmcufinder/plugins/mcufinder
2021-10-19 22:04:32,671 [INFO] DbBoardsJson:57 - Set database path to: /home/pato/.stmcufinder/plugins/mcufinder//mcu/
2021-10-19 22:04:32,677 [WARN] DbFile:35 - Overriding database path with different value: /home/pato/.stmcufinder/plugins/mcufinder/ => /home/pato/.stmcufinder/plugins/mcufinder
2021-10-19 22:04:32,678 [WARN] DbFile:35 - Overriding database path with different value: /home/pato/.stmcufinder/plugins/mcufinder/ => /home/pato/.stmcufinder/plugins/mcufinder
2021-10-19 22:04:32,679 [INFO] CrossReferenceDbSqlite:196 - Set database path to: /home/pato/.stmcufinder/plugins/mcufinder//mcu/cs/
2021-10-19 22:04:32,679 [WARN] DbFile:35 - Overriding database path with different value: /home/pato/.stmcufinder/plugins/mcufinder/ => /home/pato/.stmcufinder/plugins/mcufinder
2021-10-19 22:04:32,680 [INFO] DbExamplesSqlite:767 - Set database path to: /home/pato/.stmcufinder/plugins/mcufinder//mcu/
2021-10-19 22:04:33,126 [INFO] MainPanel:214 - HeapMemory: 502267904
2021-10-19 22:04:33,807 [INFO] DbMcusXml:74 - Set database path to: /opt/st/stm32cubeide_1.7.0/plugins/com.st.stm32cube.common.mx_6.3.0.202107141111//db//mcu/
2021-10-19 22:04:33,808 [INFO] DbBoardsPdsc:56 - Set plugin database path to: /opt/st/stm32cubeide_1.7.0/plugins/com.st.stm32cube.common.mx_6.3.0.202107141111//db//plugins/boardmanager/
2021-10-19 22:04:33,809 [INFO] DbMcus:258 - Set plugin images path to: /opt/st/stm32cubeide_1.7.0/plugins/com.st.stm32cube.common.mx_6.3.0.202107141111//db//plugins/mcufinder/images/
2021-10-19 22:04:33,809 [INFO] DbBoards:264 - Set plugin images path to: /opt/st/stm32cubeide_1.7.0/plugins/com.st.stm32cube.common.mx_6.3.0.202107141111//db//plugins/mcufinder/images/
2021-10-19 22:04:33,810 [INFO] DbExamples:333 - Set plugin images path to: /opt/st/stm32cubeide_1.7.0/plugins/com.st.stm32cube.common.mx_6.3.0.202107141111//db//plugins/mcufinder/images/
2021-10-19 22:04:33,811 [WARN] DbFile:35 - Overriding database path with different value: /home/pato/.stmcufinder/plugins/mcufinder/ => /home/pato/.stmcufinder/plugins/mcufinder
2021-10-19 22:04:33,813 [INFO] DbMcusAds:119 - Set database path to: /home/pato/.stmcufinder/plugins/mcufinder//mcu/
2021-10-19 22:04:33,813 [WARN] DbFile:35 - Overriding database path with different value: /home/pato/.stmcufinder/plugins/mcufinder/ => /home/pato/.stmcufinder/plugins/mcufinder
2021-10-19 22:04:33,814 [INFO] DbMcusDocs:110 - Set database path to: /home/pato/.stmcufinder/plugins/mcufinder//mcu/
2021-10-19 22:04:33,814 [WARN] DbFile:35 - Overriding database path with different value: /home/pato/.stmcufinder/plugins/mcufinder/ => /home/pato/.stmcufinder/plugins/mcufinder
2021-10-19 22:04:33,815 [INFO] DbMcusJson:64 - Set database path to: /home/pato/.stmcufinder/plugins/mcufinder//mcu/
2021-10-19 22:04:33,815 [WARN] DbFile:35 - Overriding database path with different value: /home/pato/.stmcufinder/plugins/mcufinder/ => /home/pato/.stmcufinder/plugins/mcufinder
2021-10-19 22:04:33,815 [INFO] DbBoardsDocs:110 - Set database path to: /home/pato/.stmcufinder/plugins/mcufinder//mcu/
2021-10-19 22:04:33,816 [WARN] DbFile:35 - Overriding database path with different value: /home/pato/.stmcufinder/plugins/mcufinder/ => /home/pato/.stmcufinder/plugins/mcufinder
2021-10-19 22:04:33,816 [INFO] DbBoardsJson:57 - Set database path to: /home/pato/.stmcufinder/plugins/mcufinder//mcu/
2021-10-19 22:04:33,817 [WARN] DbFile:35 - Overriding database path with different value: /home/pato/.stmcufinder/plugins/mcufinder/ => /home/pato/.stmcufinder/plugins/mcufinder
2021-10-19 22:04:33,817 [WARN] DbFile:35 - Overriding database path with different value: /home/pato/.stmcufinder/plugins/mcufinder/ => /home/pato/.stmcufinder/plugins/mcufinder
2021-10-19 22:04:33,818 [INFO] CrossReferenceDbSqlite:196 - Set database path to: /home/pato/.stmcufinder/plugins/mcufinder//mcu/cs/
2021-10-19 22:04:33,818 [WARN] DbFile:35 - Overriding database path with different value: /home/pato/.stmcufinder/plugins/mcufinder/ => /home/pato/.stmcufinder/plugins/mcufinder
2021-10-19 22:04:33,819 [INFO] DbExamplesSqlite:767 - Set database path to: /home/pato/.stmcufinder/plugins/mcufinder//mcu/
2021-10-19 22:04:33,890 [INFO] ApplicationProperties:181 - Using Application install path: /opt/st/stm32cubeide_1.7.0/plugins/com.st.stm32cube.common.mx_6.3.0.202107141111
2021-10-19 22:04:33,895 [INFO] PluginManage:188 - Search for loadable plugins [exclusion list=, ]
2021-10-19 22:04:33,901 [INFO] PluginManage:302 - Check plugin analytics
2021-10-19 22:04:34,693 [INFO] AnalyticsPlugin:257 - Accepted Software Licenses: 
2021-10-19 22:04:34,694 [INFO] AnalyticsPlugin:259 - Accepted CMSIS Pack Licenses: 
2021-10-19 22:04:34,695 [INFO] AnalyticsPlugin:261 - Accepted Firmware Licenses: 
2021-10-19 22:04:34,701 [INFO] PluginManage:352 - Loaded plugin analytics (category:tool,tabindex:-1)
2021-10-19 22:04:34,703 [INFO] PluginManage:302 - Check plugin clock
2021-10-19 22:04:34,760 [INFO] PluginManage:352 - Loaded plugin clock (category:base,tabindex:2)
2021-10-19 22:04:34,761 [INFO] PluginManage:302 - Check plugin ddr
2021-10-19 22:04:34,767 [INFO] PluginManage:352 - Loaded plugin ddr (category:tool,tabindex:6)
2021-10-19 22:04:34,768 [INFO] PluginManage:302 - Check plugin filemanager
2021-10-19 22:04:35,286 [INFO] PluginManage:352 - Loaded plugin filemanager (category:base,tabindex:10)
2021-10-19 22:04:35,288 [INFO] PluginManage:302 - Check plugin ipmanager
2021-10-19 22:04:35,309 [INFO] PluginManage:352 - Loaded plugin ipmanager (category:base,tabindex:5)
2021-10-19 22:04:35,310 [INFO] PluginManage:302 - Check plugin pinoutandconfiguration
2021-10-19 22:04:35,335 [INFO] PluginManage:352 - Loaded plugin pinoutandconfiguration (category:base,tabindex:1)
2021-10-19 22:04:35,335 [INFO] PluginManage:302 - Check plugin pinoutconfig
2021-10-19 22:04:35,424 [INFO] PluginManage:352 - Loaded plugin pinoutconfig (category:base,tabindex:0)
2021-10-19 22:04:35,424 [INFO] PluginManage:302 - Check plugin power
2021-10-19 22:04:35,487 [INFO] PluginManage:352 - Loaded plugin power (category:power,tabindex:4)
2021-10-19 22:04:35,488 [INFO] PluginManage:302 - Check plugin projectmanager
2021-10-19 22:04:35,536 [INFO] PluginManage:352 - Loaded plugin projectmanager (category:projectmanager,tabindex:3)
2021-10-19 22:04:35,538 [INFO] PluginManage:302 - Check plugin thirdparty
2021-10-19 22:04:36,393 [WARN] IntegrityCheckThread:78 - waiting for thirdparty lock release [integrity check]
2021-10-19 22:04:36,393 [INFO] PluginManage:352 - Loaded plugin thirdparty (category:base,tabindex:-1)
2021-10-19 22:04:36,394 [INFO] PluginManage:302 - Check plugin tools
2021-10-19 22:04:36,395 [INFO] IntegrityCheckThread:80 - entering critical section [integrity check]
2021-10-19 22:04:36,396 [INFO] ThirdPartyUpdaterWithRetryManager:66 - Updater plugin not ready yet. [1/15]
2021-10-19 22:04:36,399 [INFO] PluginManage:352 - Loaded plugin tools (category:base,tabindex:7)
2021-10-19 22:04:36,399 [INFO] PluginManage:302 - Check plugin tutovideos
2021-10-19 22:04:37,249 [INFO] PluginManage:352 - Loaded plugin tutovideos (category:base,tabindex:-1)
2021-10-19 22:04:37,250 [INFO] PluginManage:302 - Check plugin updater
2021-10-19 22:04:37,308 [INFO] PluginManage:352 - Loaded plugin updater (category:base,tabindex:12)
2021-10-19 22:04:37,309 [INFO] PluginManage:275 - PluginManage : Loaded plugins [13]
2021-10-19 22:04:39,160 [INFO] PinOutPanel:1463 - setPackage(No Configuration,No Configuration)
2021-10-19 22:04:39,397 [INFO] ThirdPartyUpdaterWithRetryManager:66 - Updater plugin not ready yet. [2/15]
2021-10-19 22:04:39,563 [INFO] IPUIPlugin:74 - create IPUIPlugin
2021-10-19 22:04:39,564 [INFO] PluginManager:213 - loadIPPluginJar : add lorawan
2021-10-19 22:04:39,572 [INFO] IPUIPlugin:74 - create IPUIPlugin
2021-10-19 22:04:39,572 [INFO] PluginManager:213 - loadIPPluginJar : add i2s
2021-10-19 22:04:39,582 [INFO] IPUIPlugin:74 - create IPUIPlugin
2021-10-19 22:04:39,582 [INFO] PluginManager:213 - loadIPPluginJar : add gtzc
2021-10-19 22:04:39,589 [INFO] IPUIPlugin:74 - create IPUIPlugin
2021-10-19 22:04:39,589 [INFO] PluginManager:213 - loadIPPluginJar : add cryp
2021-10-19 22:04:39,596 [INFO] IPUIPlugin:74 - create IPUIPlugin
2021-10-19 22:04:39,596 [INFO] PluginManager:213 - loadIPPluginJar : add usart
2021-10-19 22:04:39,608 [INFO] IPUIPlugin:74 - create IPUIPlugin
2021-10-19 22:04:39,608 [INFO] PluginManager:213 - loadIPPluginJar : add stm32_wpan
2021-10-19 22:04:39,621 [INFO] IPUIPlugin:74 - create IPUIPlugin
2021-10-19 22:04:39,622 [INFO] PluginManager:213 - loadIPPluginJar : add fmc
2021-10-19 22:04:39,627 [INFO] IPUIPlugin:74 - create IPUIPlugin
2021-10-19 22:04:39,629 [INFO] PluginManager:213 - loadIPPluginJar : add dma3
2021-10-19 22:04:39,669 [INFO] IPUIPlugin:74 - create IPUIPlugin
2021-10-19 22:04:39,670 [INFO] PluginManager:213 - loadIPPluginJar : add nvic
2021-10-19 22:04:39,677 [INFO] IPUIPlugin:74 - create IPUIPlugin
2021-10-19 22:04:39,678 [INFO] PluginManager:213 - loadIPPluginJar : add spi
2021-10-19 22:04:39,695 [INFO] IPUIPlugin:74 - create IPUIPlugin
2021-10-19 22:04:39,696 [INFO] PluginManager:213 - loadIPPluginJar : add opamp
2021-10-19 22:04:39,705 [INFO] IPUIPlugin:74 - create IPUIPlugin
2021-10-19 22:04:39,706 [INFO] PluginManager:213 - loadIPPluginJar : add ts
2021-10-19 22:04:39,712 [INFO] IPUIPlugin:74 - create IPUIPlugin
2021-10-19 22:04:39,712 [INFO] PluginManager:213 - loadIPPluginJar : add fatfs
2021-10-19 22:04:39,735 [INFO] IPUIPlugin:74 - create IPUIPlugin
2021-10-19 22:04:39,735 [INFO] PluginManager:213 - loadIPPluginJar : add touchsensing
2021-10-19 22:04:39,742 [INFO] IPUIPlugin:74 - create IPUIPlugin
2021-10-19 22:04:39,743 [INFO] PluginManager:213 - loadIPPluginJar : add dfsdm
2021-10-19 22:04:39,764 [INFO] IPUIPlugin:74 - create IPUIPlugin
2021-10-19 22:04:39,765 [INFO] PluginManager:213 - loadIPPluginJar : add gpio
2021-10-19 22:04:39,785 [INFO] IPUIPlugin:74 - create IPUIPlugin
2021-10-19 22:04:39,786 [INFO] PluginManager:213 - loadIPPluginJar : add dma
2021-10-19 22:04:39,790 [INFO] IPUIPlugin:74 - create IPUIPlugin
2021-10-19 22:04:39,790 [INFO] PluginManager:213 - loadIPPluginJar : add quadspi
2021-10-19 22:04:39,795 [INFO] IPUIPlugin:74 - create IPUIPlugin
2021-10-19 22:04:39,796 [INFO] PluginManager:213 - loadIPPluginJar : add tracer_emb
2021-10-19 22:04:39,799 [INFO] IPUIPlugin:74 - create IPUIPlugin
2021-10-19 22:04:39,799 [INFO] PluginManager:213 - loadIPPluginJar : add genericplugin
2021-10-19 22:04:39,811 [INFO] IPUIPlugin:74 - create IPUIPlugin
2021-10-19 22:04:39,812 [INFO] PluginManager:213 - loadIPPluginJar : add mdma
2021-10-19 22:04:39,819 [INFO] IPUIPlugin:74 - create IPUIPlugin
2021-10-19 22:04:39,820 [INFO] PluginManager:213 - loadIPPluginJar : add aes
2021-10-19 22:04:39,823 [INFO] IPUIPlugin:74 - create IPUIPlugin
2021-10-19 22:04:39,823 [INFO] PluginManager:213 - loadIPPluginJar : add comp
2021-10-19 22:04:39,846 [INFO] IPUIPlugin:74 - create IPUIPlugin
2021-10-19 22:04:39,847 [INFO] PluginManager:213 - loadIPPluginJar : add freertos
2021-10-19 22:04:39,862 [INFO] IPUIPlugin:74 - create IPUIPlugin
2021-10-19 22:04:39,862 [INFO] PluginManager:213 - loadIPPluginJar : add ipddr
2021-10-19 22:04:39,881 [INFO] IPUIPlugin:74 - create IPUIPlugin
2021-10-19 22:04:39,881 [INFO] PluginManager:213 - loadIPPluginJar : add pdm2pcm
2021-10-19 22:04:39,895 [INFO] IPUIPlugin:74 - create IPUIPlugin
2021-10-19 22:04:39,895 [INFO] PluginManager:213 - loadIPPluginJar : add gic
2021-10-19 22:04:39,908 [INFO] IPUIPlugin:74 - create IPUIPlugin
2021-10-19 22:04:39,912 [INFO] PluginManager:213 - loadIPPluginJar : add i2c
2021-10-19 22:04:39,938 [INFO] IPUIPlugin:74 - create IPUIPlugin
2021-10-19 22:04:39,952 [INFO] PluginManager:213 - loadIPPluginJar : add plateformsettings
2021-10-19 22:04:39,961 [INFO] IPUIPlugin:74 - create IPUIPlugin
2021-10-19 22:04:39,962 [INFO] PluginManager:213 - loadIPPluginJar : add tim
2021-10-19 22:04:39,969 [INFO] IPUIPlugin:74 - create IPUIPlugin
2021-10-19 22:04:39,971 [INFO] PluginManager:213 - loadIPPluginJar : add openamp
2021-10-19 22:04:39,976 [INFO] IPUIPlugin:74 - create IPUIPlugin
2021-10-19 22:04:39,977 [INFO] PluginManager:213 - loadIPPluginJar : add tsc
2021-10-19 22:04:39,998 [INFO] IPUIPlugin:74 - create IPUIPlugin
2021-10-19 22:04:39,999 [INFO] PluginManager:213 - loadIPPluginJar : add resmgrutility
2021-10-19 22:04:40,005 [INFO] IPUIPlugin:74 - create IPUIPlugin
2021-10-19 22:04:40,005 [INFO] PluginManager:213 - loadIPPluginJar : add gfxmmu
2021-10-19 22:04:40,010 [INFO] IPUIPlugin:74 - create IPUIPlugin
2021-10-19 22:04:40,011 [INFO] PluginManager:213 - loadIPPluginJar : add ltdc
2021-10-19 22:04:40,026 [INFO] IPUIPlugin:74 - create IPUIPlugin
2021-10-19 22:04:40,026 [INFO] PluginManager:213 - loadIPPluginJar : add adc
2021-10-19 22:04:40,031 [INFO] IPUIPlugin:74 - create IPUIPlugin
2021-10-19 22:04:40,033 [INFO] PluginManager:213 - loadIPPluginJar : add ucpd
2021-10-19 22:04:40,046 [INFO] IPUIPlugin:74 - create IPUIPlugin
2021-10-19 22:04:40,048 [INFO] PluginManager:213 - loadIPPluginJar : add can
2021-10-19 22:04:40,062 [INFO] IPUIPlugin:74 - create IPUIPlugin
2021-10-19 22:04:40,062 [INFO] PluginManager:213 - loadIPPluginJar : add usbx
2021-10-19 22:04:40,083 [INFO] IPUIPlugin:74 - create IPUIPlugin
2021-10-19 22:04:40,083 [INFO] PluginManager:213 - loadIPPluginJar : add linkedlist
2021-10-19 22:04:40,092 [INFO] IPUIPlugin:74 - create IPUIPlugin
2021-10-19 22:04:40,093 [INFO] PluginManager:213 - loadIPPluginJar : add sai
2021-10-19 22:04:40,100 [INFO] IPUIPlugin:74 - create IPUIPlugin
2021-10-19 22:04:40,101 [INFO] PluginManager:213 - loadIPPluginJar : add hash
2021-10-19 22:04:41,259 [FATAL] Updater:294 - Updater called before beeing initialized
2021-10-19 22:04:41,543 [FATAL] Updater:294 - Updater called before beeing initialized
2021-10-19 22:04:41,555 [INFO] DbMcusAds:47 - JSON generation date=Thu Sep 30 03:55:10 ART 2021 (1632984910476)
2021-10-19 22:04:41,556 [FATAL] Updater:294 - Updater called before beeing initialized
2021-10-19 22:04:41,674 [WARN] DetailPanel:314 - Failed to get advertising image, set to default
2021-10-19 22:04:42,026 [FATAL] Updater:294 - Updater called before beeing initialized
2021-10-19 22:04:42,029 [FATAL] Updater:294 - Updater called before beeing initialized
2021-10-19 22:04:42,029 [FATAL] Updater:294 - Updater called before beeing initialized
2021-10-19 22:04:42,030 [WARN] DetailPanel:314 - Failed to get advertising image, set to default
2021-10-19 22:04:42,053 [FATAL] Updater:294 - Updater called before beeing initialized
2021-10-19 22:04:42,185 [ERROR] Updater:1075 - MainUpdater not yet initialized. External WinMGr cannot be set.
2021-10-19 22:04:42,198 [INFO] Updater:1012 - Updater Version found : 6.3.0
2021-10-19 22:04:42,279 [INFO] ApplicationProperties:181 - Using Application install path: /opt/st/stm32cubeide_1.7.0/plugins/com.st.stm32cube.common.mx_6.3.0.202107141111
2021-10-19 22:04:42,398 [INFO] ThirdPartyUpdaterWithRetryManager:66 - Updater plugin not ready yet. [3/15]
2021-10-19 22:04:42,816 [INFO] MainUpdater:2671 - connection check result : 10
2021-10-19 22:04:42,816 [INFO] MainUpdater:3359 - Updater definition file requires update
2021-10-19 22:04:42,817 [INFO] MainUpdater:265 - Updater Check For Update Now.
2021-10-19 22:04:42,818 [INFO] MicroXplorer:478 - Change Database Version : DB.6.0.30
2021-10-19 22:04:43,058 [INFO] ServerAccessManage:362 - Download File updaters.zip
2021-10-19 22:04:43,377 [INFO] FileExtend:235 - Unzip File : updaters.zip
2021-10-19 22:04:43,378 [INFO] FileExtend:250 - Standard Zip Deflate
2021-10-19 22:04:44,508 [INFO] ServerAccessManage:362 - Download File PacksControlFlags.xml
2021-10-19 22:04:44,766 [INFO] ServerAccessManage:362 - Download File cubemx.pidx
2021-10-19 22:04:45,402 [WARN] MainUpdater:1122 - Updater busy. Cannot search thirdparties
2021-10-19 22:04:45,402 [INFO] ThirdPartyUpdaterWithRetryManager:92 - Updater plugin is busy. [1/15]
2021-10-19 22:04:47,346 [INFO] ServerAccessManage:362 - Download File STMicroelectronics.X-CUBE-BLE2.pdsc
2021-10-19 22:04:48,403 [WARN] MainUpdater:1122 - Updater busy. Cannot search thirdparties
2021-10-19 22:04:48,403 [INFO] ThirdPartyUpdaterWithRetryManager:92 - Updater plugin is busy. [2/15]
2021-10-19 22:04:50,705 [WARN] PackLoader:238 - Cannot read IP mode file for STMicroelectronics.X-CUBE-BLE2.3.2.2
2021-10-19 22:04:50,713 [INFO] PopulateThirdPartyThread:60 - Ending populate Thread
2021-10-19 22:04:50,718 [INFO] ThirdParty:967 - CMSIS Pack Vendor :STMicroelectronics X-CUBE-BLE2 3.2.2
2021-10-19 22:04:50,721 [INFO] LoadServerUpdatesThread:339 - End of LoadServerUpdate Thread
2021-10-19 22:04:50,810 [INFO] CheckServerUpdateThread:112 - End of CheckServer Thread
2021-10-19 22:04:50,880 [INFO] MainUpdater:2671 - connection check result : 10
2021-10-19 22:04:50,893 [INFO] McuFinderGlobals:52 - Set McuFinderConnectedMode to true
2021-10-19 22:04:51,163 [INFO] ServerAccessManage:362 - Download File mcusAds.json._tmp_
2021-10-19 22:04:51,405 [WARN] MainUpdater:1122 - Updater busy. Cannot search thirdparties
2021-10-19 22:04:51,405 [INFO] ThirdPartyUpdaterWithRetryManager:92 - Updater plugin is busy. [3/15]
2021-10-19 22:04:51,428 [INFO] LoadUrlFilesThread:145 - End of LoadUrlFiles Thread
2021-10-19 22:04:54,405 [WARN] MainUpdater:1122 - Updater busy. Cannot search thirdparties
2021-10-19 22:04:54,406 [INFO] ThirdPartyUpdaterWithRetryManager:92 - Updater plugin is busy. [4/15]
2021-10-19 22:04:57,213 [INFO] ServerAccessManage:362 - Download File mcusDocs.json._tmp_
2021-10-19 22:04:57,406 [WARN] MainUpdater:1122 - Updater busy. Cannot search thirdparties
2021-10-19 22:04:57,407 [INFO] ThirdPartyUpdaterWithRetryManager:92 - Updater plugin is busy. [5/15]
2021-10-19 22:04:58,070 [INFO] LoadUrlFilesThread:145 - End of LoadUrlFiles Thread
2021-10-19 22:04:58,286 [INFO] ServerAccessManage:362 - Download File mcusFeaturesAndDescription.json._tmp_
2021-10-19 22:05:00,409 [WARN] MainUpdater:1122 - Updater busy. Cannot search thirdparties
2021-10-19 22:05:00,409 [INFO] ThirdPartyUpdaterWithRetryManager:92 - Updater plugin is busy. [6/15]
2021-10-19 22:05:02,154 [INFO] LoadUrlFilesThread:145 - End of LoadUrlFiles Thread
2021-10-19 22:05:02,385 [INFO] ServerAccessManage:362 - Download File boardsDocs.json._tmp_
2021-10-19 22:05:02,778 [INFO] LoadUrlFilesThread:145 - End of LoadUrlFiles Thread
2021-10-19 22:05:03,006 [INFO] ServerAccessManage:362 - Download File boards.json._tmp_
2021-10-19 22:05:03,404 [INFO] LoadUrlFilesThread:145 - End of LoadUrlFiles Thread
2021-10-19 22:05:03,410 [WARN] MainUpdater:1122 - Updater busy. Cannot search thirdparties
2021-10-19 22:05:03,413 [INFO] ThirdPartyUpdaterWithRetryManager:92 - Updater plugin is busy. [7/15]
2021-10-19 22:05:03,672 [INFO] ServerAccessManage:362 - Download File cube-finder-db.zip
2021-10-19 22:05:06,414 [WARN] MainUpdater:1122 - Updater busy. Cannot search thirdparties
2021-10-19 22:05:06,414 [INFO] ThirdPartyUpdaterWithRetryManager:92 - Updater plugin is busy. [8/15]
2021-10-19 22:05:09,415 [WARN] MainUpdater:1122 - Updater busy. Cannot search thirdparties
2021-10-19 22:05:09,415 [INFO] ThirdPartyUpdaterWithRetryManager:92 - Updater plugin is busy. [9/15]
2021-10-19 22:05:12,415 [WARN] MainUpdater:1122 - Updater busy. Cannot search thirdparties
2021-10-19 22:05:12,416 [INFO] ThirdPartyUpdaterWithRetryManager:92 - Updater plugin is busy. [10/15]
2021-10-19 22:05:14,802 [INFO] FileExtend:235 - Unzip File : cube-finder-db.zip
2021-10-19 22:05:14,803 [INFO] FileExtend:250 - Standard Zip Deflate
2021-10-19 22:05:15,416 [WARN] MainUpdater:1122 - Updater busy. Cannot search thirdparties
2021-10-19 22:05:15,417 [INFO] ThirdPartyUpdaterWithRetryManager:92 - Updater plugin is busy. [11/15]
2021-10-19 22:05:17,025 [INFO] LoadUrlFilesThread:145 - End of LoadUrlFiles Thread
2021-10-19 22:05:18,417 [WARN] MainUpdater:1122 - Updater busy. Cannot search thirdparties
2021-10-19 22:05:18,418 [INFO] ThirdPartyUpdaterWithRetryManager:92 - Updater plugin is busy. [12/15]
2021-10-19 22:05:18,909 [INFO] ServerAccessManage:362 - Download File crdb.zip
2021-10-19 22:05:20,231 [INFO] FileExtend:235 - Unzip File : crdb.zip
2021-10-19 22:05:20,244 [INFO] FileExtend:250 - Standard Zip Deflate
2021-10-19 22:05:20,447 [INFO] LoadUrlFilesThread:145 - End of LoadUrlFiles Thread
2021-10-19 22:05:20,793 [INFO] ServerAccessManage:362 - Download File tutoVideoDB.zip
2021-10-19 22:05:20,883 [INFO] FileExtend:235 - Unzip File : tutoVideoDB.zip
2021-10-19 22:05:20,885 [INFO] FileExtend:250 - Standard Zip Deflate
2021-10-19 22:05:21,013 [INFO] LoadUrlFilesThread:145 - End of LoadUrlFiles Thread
2021-10-19 22:05:21,018 [INFO] DbMcusAds:47 - JSON generation date=Thu Sep 30 03:55:09 ART 2021 (1632984909289)
2021-10-19 22:05:21,164 [INFO] DbMcusDocs:143 - JSON generation date=Mon Jun 07 05:53:21 ART 2021 (1623056001)
2021-10-19 22:05:21,180 [INFO] DbMcusXml:100 - Load MCU database from /opt/st/stm32cubeide_1.7.0/plugins/com.st.stm32cube.common.mx_6.3.0.202107141111//db//mcu/families.xml
2021-10-19 22:05:22,529 [WARN] PackLoader:238 - Cannot read IP mode file for RoweBots.I-CUBE-UNISONRTOS.5.5.0-4
2021-10-19 22:05:23,587 [WARN] PackLoader:238 - Cannot read IP mode file for STMicroelectronics.X-CUBE-MEMS1.9.0.0
2021-10-19 22:05:26,853 [WARN] PackLoader:238 - Cannot read IP mode file for SEGGER.I-CUBE-embOS.1.2.0
2021-10-19 22:05:27,363 [WARN] PackLoader:238 - Cannot read IP mode file for STMicroelectronics.X-CUBE-BLE1.6.2.1
2021-10-19 22:05:27,380 [WARN] PackLoader:238 - Cannot read IP mode file for STMicroelectronics.X-CUBE-BLE2.3.2.1
2021-10-19 22:05:27,400 [WARN] PackLoader:238 - Cannot read IP mode file for STMicroelectronics.X-CUBE-BLE2.3.2.2
2021-10-19 22:05:27,434 [WARN] PackLoader:238 - Cannot read IP mode file for STMicroelectronics.X-CUBE-NFC4.2.0.3
2021-10-19 22:05:27,457 [WARN] PackLoader:238 - Cannot read IP mode file for wolfSSL.I-CUBE-wolfSSL.4.8.0
2021-10-19 22:05:27,468 [WARN] PackLoader:238 - Cannot read IP mode file for STMicroelectronics.X-CUBE-TOUCHGFX.4.17.0
2021-10-19 22:05:27,524 [WARN] PackLoader:238 - Cannot read IP mode file for STMicroelectronics.X-CUBE-SFXS2LP1.3.1.0
2021-10-19 22:05:27,888 [WARN] PackLoader:238 - Cannot read IP mode file for STMicroelectronics.X-CUBE-AZRTOS-F4.1.0.0
2021-10-19 22:05:27,962 [WARN] PackLoader:238 - Cannot read IP mode file for STMicroelectronics.X-CUBE-AZRTOS-H7.2.0.0
2021-10-19 22:05:28,061 [WARN] PackLoader:238 - Cannot read IP mode file for STMicroelectronics.X-CUBE-AZRTOS-L4.1.0.0
2021-10-19 22:05:28,084 [WARN] PackLoader:238 - Cannot read IP mode file for STMicroelectronics.X-CUBE-TOF1.2.0.0
2021-10-19 22:05:28,163 [WARN] PackLoader:238 - Cannot read IP mode file for STMicroelectronics.X-CUBE-SUBG2.4.2.0
2021-10-19 22:05:28,223 [WARN] PackLoader:238 - Cannot read IP mode file for STMicroelectronics.X-CUBE-ALS.1.0.1
2021-10-19 22:05:28,248 [WARN] PackLoader:238 - Cannot read IP mode file for STMicroelectronics.X-CUBE-AI.7.0.0
2021-10-19 22:05:28,295 [WARN] PackLoader:238 - Cannot read IP mode file for STMicroelectronics.X-CUBE-ALGOBUILD.1.2.1
2021-10-19 22:05:28,316 [WARN] PackLoader:238 - Cannot read IP mode file for STMicroelectronics.X-CUBE-DISPLAY.1.0.0
2021-10-19 22:05:28,361 [WARN] PackLoader:238 - Cannot read IP mode file for STMicroelectronics.X-CUBE-EEPRMA1.3.1.0
2021-10-19 22:05:28,424 [WARN] PackLoader:238 - Cannot read IP mode file for STMicroelectronics.X-CUBE-GNSS1.5.2.0
2021-10-19 22:05:28,515 [INFO] ThirdParty:915 - Integrity check success = true
2021-10-19 22:05:28,515 [INFO] IntegrityCheckThread:94 - exiting critical section [integrity check]
2021-10-19 22:05:28,515 [INFO] IntegrityCheckThread:97 - End integrity checks thread
2021-10-19 22:05:30,384 [INFO] DbMcusJson:93 - JSON generation date=Mon Jun 07 05:53:21 ART 2021 (1623056001)
2021-10-19 22:05:36,762 [INFO] DbMcus:175 - Found 1951 MCUs (1903 are supported by CubeMX, 1903 are visible in CubeMX)
2021-10-19 22:05:36,769 [INFO] ApiDb:251 - Load user favorites file /home/pato/.stm32cubeide/favorites.mcus.txt: 0 item(s)
2021-10-19 22:05:36,770 [INFO] ApiDb:255 - User favorites MCUs=[]
2021-10-19 22:05:36,770 [INFO] DbMcus:187 - Set 0 / 0 favorites MCUs
2021-10-19 22:05:38,348 [INFO] DbMcusDocs:79 - Found 669 MCUs documents
2021-10-19 22:05:38,363 [INFO] ApiDb:276 - Save user favorites file /home/pato/.stm32cubeide/favorites.mcus.txt: 0 item(s)
2021-10-19 22:05:38,363 [INFO] ApiDb:280 - User favorites MCUs=[]
2021-10-19 22:05:38,363 [INFO] DbMcusXml:100 - Load MCU database from /opt/st/stm32cubeide_1.7.0/plugins/com.st.stm32cube.common.mx_6.3.0.202107141111//db//mcu/families.xml
2021-10-19 22:05:41,638 [INFO] DbMcusJson:93 - JSON generation date=Mon Jun 07 05:53:21 ART 2021 (1623056001)
2021-10-19 22:05:45,626 [INFO] DbMcus:175 - Found 1951 MCUs (1903 are supported by CubeMX, 1903 are visible in CubeMX)
2021-10-19 22:05:45,627 [INFO] ApiDb:251 - Load user favorites file /home/pato/.stm32cubeide/favorites.mcus.txt: 0 item(s)
2021-10-19 22:05:45,627 [INFO] ApiDb:255 - User favorites MCUs=[]
2021-10-19 22:05:45,627 [INFO] DbMcus:187 - Set 0 / 0 favorites MCUs
2021-10-19 22:05:45,787 [INFO] DbBoardsDocs:143 - JSON generation date=Tue Jun 01 02:52:40 ART 2021 (1622526760)
2021-10-19 22:05:45,834 [INFO] DbBoardsPdsc:90 - Found 33 items
2021-10-19 22:05:45,852 [INFO] DbBoardsPdsc:90 - Found 5 items
2021-10-19 22:05:45,869 [INFO] DbBoardsPdsc:90 - Found 25 items
2021-10-19 22:05:45,877 [INFO] DbBoardsPdsc:90 - Found 9 items
2021-10-19 22:05:45,931 [INFO] DbBoardsPdsc:90 - Found 48 items
2021-10-19 22:05:45,968 [INFO] DbBoardsPdsc:90 - Found 43 items
2021-10-19 22:05:45,971 [INFO] DbBoardsPdsc:90 - Found 1 items
2021-10-19 22:05:45,977 [INFO] DbBoardsPdsc:90 - Found 2 items
2021-10-19 22:05:46,031 [WARN] DbBoardsPdsc:254 - Board STM32H7B3I-DK: unknown feature type=Audio, name=, username=Audio stereo codec with Headphone Amp (CS42L51-CNZ), n=1
2021-10-19 22:05:46,033 [WARN] DbBoardsPdsc:254 - Board STM32H735G-DK: unknown feature type=Audio, name=, username=Audio stereo codec with Headphone Amp (WM8994ECS/R), n=1
2021-10-19 22:05:46,056 [WARN] DbBoardsPdsc:254 - Board STM32H7B3I-EVAL: unknown feature type=Audio, name=, username=Multi-Channel Audio Codec (CS42L51-CNZ), n=1
2021-10-19 22:05:46,059 [WARN] DbBoardsPdsc:254 - Board STM32H7B3I-EVAL: unknown feature type=Meter, name=, username=Power-metering and Temperature-monitoring with sigma-delta modulators, n=1
2021-10-19 22:05:46,060 [WARN] DbBoardsPdsc:254 - Board STM32H7B3I-EVAL: unknown feature type=Motor, name=, username=Motor Control, n=1
2021-10-19 22:05:46,062 [WARN] DbBoardsPdsc:254 - Board STM32U575I-EV: unknown feature type=joystick, name=, username=4-direction joystick with selection button, n=1
2021-10-19 22:05:46,438 [INFO] DbBoardsJson:86 - JSON generation date=Tue Jun 01 02:52:40 ART 2021 (1622526760)
2021-10-19 22:05:46,495 [INFO] DbBoards:117 - Found 166 boards (163 are supported by CubeMX)
2021-10-19 22:05:46,534 [INFO] DbBoardsDocs:143 - JSON generation date=Tue Jun 01 02:52:40 ART 2021 (1622526760)
2021-10-19 22:05:46,781 [INFO] DbBoardsDocs:79 - Found 193 boards documents
2021-10-19 22:05:46,784 [WARN] DbBoards:127 - board B-L462E-CELL1 has no document id list !
2021-10-19 22:05:46,784 [WARN] DbBoards:127 - board B-L475E-IOT01A2 has no document id list !
2021-10-19 22:05:46,785 [WARN] DbBoards:127 - board B-U585I-IOT02A has no document id list !
2021-10-19 22:05:46,789 [WARN] DbBoards:127 - board NUCLEO-G0B1RE has no document id list !
2021-10-19 22:05:46,790 [WARN] DbBoards:127 - board NUCLEO-H743ZI has no document id list !
2021-10-19 22:05:46,792 [WARN] DbBoards:127 - board NUCLEO-L4A6ZG has no document id list !
2021-10-19 22:05:46,793 [WARN] DbBoards:127 - board NUCLEO-U575ZI-Q has no document id list !
2021-10-19 22:05:46,795 [WARN] DbBoards:127 - board NUCLEO-WB15CC has no document id list !
2021-10-19 22:05:46,796 [WARN] DbBoards:127 - board NUCLEO-WB55RG has no document id list !
2021-10-19 22:05:46,796 [WARN] DbBoards:127 - board NUCLEO-WL55JC2 has no document id list !
2021-10-19 22:05:46,797 [WARN] DbBoards:127 - board P-NUCLEO-WB55-Nucleo has no document id list !
2021-10-19 22:05:46,797 [WARN] DbBoards:127 - board P-NUCLEO-WB55-USBDongle has no document id list !
2021-10-19 22:05:46,797 [WARN] DbBoards:127 - board STEVAL-BFA001V1B has no document id list !
2021-10-19 22:05:46,797 [WARN] DbBoards:127 - board STEVAL-BFA001V2B has no document id list !
2021-10-19 22:05:46,798 [WARN] DbBoards:127 - board STEVAL-IDP005V1 has no document id list !
2021-10-19 22:05:46,798 [WARN] DbBoards:127 - board STEVAL-IDP005V2 has no document id list !
2021-10-19 22:05:46,798 [WARN] DbBoards:127 - board STEVAL-MKSBOX1V1 has no document id list !
2021-10-19 22:05:46,798 [WARN] DbBoards:127 - board STEVAL-STWINKT1 has no document id list !
2021-10-19 22:05:46,798 [WARN] DbBoards:127 - board STEVAL-STWINKT1B has no document id list !
2021-10-19 22:05:46,800 [WARN] DbBoards:127 - board STM32F401C-DISCO has no document id list !
2021-10-19 22:05:46,803 [WARN] DbBoards:127 - board STM32F769I-DISC1 has no document id list !
2021-10-19 22:05:46,804 [WARN] DbBoards:127 - board STM32G0C1E-EV has no document id list !
2021-10-19 22:05:46,804 [WARN] DbBoards:127 - board STM32G474E-EVAL1 has no document id list !
2021-10-19 22:05:46,807 [WARN] DbBoards:127 - board STM32H743I-EVAL2 has no document id list !
2021-10-19 22:05:46,808 [WARN] DbBoards:127 - board STM32H747I-DISC1 has no document id list !
2021-10-19 22:05:46,809 [WARN] DbBoards:127 - board STM32H753I-EVAL2 has no document id list !
2021-10-19 22:05:46,810 [WARN] DbBoards:127 - board STM32L-DISCOVERY has no document id list !
2021-10-19 22:05:46,812 [WARN] DbBoards:127 - board STM32MP157A-DK1 has no document id list !
2021-10-19 22:05:46,813 [WARN] DbBoards:127 - board STM32MP157D-DK1 has no document id list !
2021-10-19 22:05:46,813 [WARN] DbBoards:127 - board STM32MP157D-EV1 has no document id list !
2021-10-19 22:05:46,813 [WARN] DbBoards:127 - board STM32MP157F-DK2 has no document id list !
2021-10-19 22:05:46,813 [WARN] DbBoards:127 - board STM32MP157F-EV1 has no document id list !
2021-10-19 22:05:46,814 [WARN] DbBoards:127 - board STM32U575I-EV has no document id list !
2021-10-19 22:05:46,814 [WARN] DbBoards:127 - board STM32WB5MM-DK has no document id list !
2021-10-19 22:05:55,438 [ERROR] DbBoards:189 - Image file not found for board STM32U575I-EV: /opt/st/stm32cubeide_1.7.0/plugins/com.st.stm32cube.common.mx_6.3.0.202107141111//db//plugins/mcufinder/images/boards/stm32u575i-ev_small.jpg
2021-10-19 22:05:55,603 [INFO] ApiDb:251 - Load user favorites file /home/pato/.stm32cubeide/favorites.boards.txt: 0 item(s)
2021-10-19 22:05:55,604 [INFO] ApiDb:255 - User favorites Boards=[]
2021-10-19 22:05:55,604 [INFO] DbBoards:206 - Set 0 / 0 favorites Boards
2021-10-19 22:05:55,649 [INFO] DbBoardsDocs:79 - Found 386 boards documents
2021-10-19 22:05:55,650 [INFO] ApiDb:276 - Save user favorites file /home/pato/.stm32cubeide/favorites.boards.txt: 0 item(s)
2021-10-19 22:05:55,650 [INFO] ApiDb:280 - User favorites Boards=[]
2021-10-19 22:05:55,659 [INFO] DbBoardsPdsc:90 - Found 33 items
2021-10-19 22:05:55,663 [INFO] DbBoardsPdsc:90 - Found 5 items
2021-10-19 22:05:55,674 [INFO] DbBoardsPdsc:90 - Found 25 items
2021-10-19 22:05:55,678 [INFO] DbBoardsPdsc:90 - Found 9 items
2021-10-19 22:05:55,692 [INFO] DbBoardsPdsc:90 - Found 48 items
2021-10-19 22:05:55,703 [INFO] DbBoardsPdsc:90 - Found 43 items
2021-10-19 22:05:55,705 [INFO] DbBoardsPdsc:90 - Found 1 items
2021-10-19 22:05:55,707 [INFO] DbBoardsPdsc:90 - Found 2 items
2021-10-19 22:05:55,717 [WARN] DbBoardsPdsc:254 - Board STM32H7B3I-DK: unknown feature type=Audio, name=, username=Audio stereo codec with Headphone Amp (CS42L51-CNZ), n=1
2021-10-19 22:05:55,718 [WARN] DbBoardsPdsc:254 - Board STM32H735G-DK: unknown feature type=Audio, name=, username=Audio stereo codec with Headphone Amp (WM8994ECS/R), n=1
2021-10-19 22:05:55,722 [WARN] DbBoardsPdsc:254 - Board STM32H7B3I-EVAL: unknown feature type=Audio, name=, username=Multi-Channel Audio Codec (CS42L51-CNZ), n=1
2021-10-19 22:05:55,722 [WARN] DbBoardsPdsc:254 - Board STM32H7B3I-EVAL: unknown feature type=Meter, name=, username=Power-metering and Temperature-monitoring with sigma-delta modulators, n=1
2021-10-19 22:05:55,722 [WARN] DbBoardsPdsc:254 - Board STM32H7B3I-EVAL: unknown feature type=Motor, name=, username=Motor Control, n=1
2021-10-19 22:05:55,724 [WARN] DbBoardsPdsc:254 - Board STM32U575I-EV: unknown feature type=joystick, name=, username=4-direction joystick with selection button, n=1
2021-10-19 22:05:55,757 [INFO] DbBoardsJson:86 - JSON generation date=Tue Jun 01 02:52:40 ART 2021 (1622526760)
2021-10-19 22:05:55,785 [INFO] DbBoards:117 - Found 166 boards (163 are supported by CubeMX)
2021-10-19 22:05:55,793 [WARN] DbBoards:127 - board B-L462E-CELL1 has no document id list !
2021-10-19 22:05:55,793 [WARN] DbBoards:127 - board B-L475E-IOT01A2 has no document id list !
2021-10-19 22:05:55,794 [WARN] DbBoards:127 - board B-U585I-IOT02A has no document id list !
2021-10-19 22:05:55,799 [WARN] DbBoards:127 - board NUCLEO-G0B1RE has no document id list !
2021-10-19 22:05:55,800 [WARN] DbBoards:127 - board NUCLEO-H743ZI has no document id list !
2021-10-19 22:05:55,806 [WARN] DbBoards:127 - board NUCLEO-L4A6ZG has no document id list !
2021-10-19 22:05:55,806 [WARN] DbBoards:127 - board NUCLEO-U575ZI-Q has no document id list !
2021-10-19 22:05:55,807 [WARN] DbBoards:127 - board NUCLEO-WB15CC has no document id list !
2021-10-19 22:05:55,807 [WARN] DbBoards:127 - board NUCLEO-WB55RG has no document id list !
2021-10-19 22:05:55,810 [WARN] DbBoards:127 - board NUCLEO-WL55JC2 has no document id list !
2021-10-19 22:05:55,811 [WARN] DbBoards:127 - board P-NUCLEO-WB55-Nucleo has no document id list !
2021-10-19 22:05:55,812 [WARN] DbBoards:127 - board P-NUCLEO-WB55-USBDongle has no document id list !
2021-10-19 22:05:55,812 [WARN] DbBoards:127 - board STEVAL-BFA001V1B has no document id list !
2021-10-19 22:05:55,812 [WARN] DbBoards:127 - board STEVAL-BFA001V2B has no document id list !
2021-10-19 22:05:55,812 [WARN] DbBoards:127 - board STEVAL-IDP005V1 has no document id list !
2021-10-19 22:05:55,814 [WARN] DbBoards:127 - board STEVAL-IDP005V2 has no document id list !
2021-10-19 22:05:55,815 [WARN] DbBoards:127 - board STEVAL-MKSBOX1V1 has no document id list !
2021-10-19 22:05:55,815 [WARN] DbBoards:127 - board STEVAL-STWINKT1 has no document id list !
2021-10-19 22:05:55,815 [WARN] DbBoards:127 - board STEVAL-STWINKT1B has no document id list !
2021-10-19 22:05:55,817 [WARN] DbBoards:127 - board STM32F401C-DISCO has no document id list !
2021-10-19 22:05:55,819 [WARN] DbBoards:127 - board STM32F769I-DISC1 has no document id list !
2021-10-19 22:05:55,820 [WARN] DbBoards:127 - board STM32G0C1E-EV has no document id list !
2021-10-19 22:05:55,821 [WARN] DbBoards:127 - board STM32G474E-EVAL1 has no document id list !
2021-10-19 22:05:55,822 [WARN] DbBoards:127 - board STM32H743I-EVAL2 has no document id list !
2021-10-19 22:05:55,822 [WARN] DbBoards:127 - board STM32H747I-DISC1 has no document id list !
2021-10-19 22:05:55,829 [WARN] DbBoards:127 - board STM32H753I-EVAL2 has no document id list !
2021-10-19 22:05:55,829 [WARN] DbBoards:127 - board STM32L-DISCOVERY has no document id list !
2021-10-19 22:05:55,830 [WARN] DbBoards:127 - board STM32MP157A-DK1 has no document id list !
2021-10-19 22:05:55,830 [WARN] DbBoards:127 - board STM32MP157D-DK1 has no document id list !
2021-10-19 22:05:55,830 [WARN] DbBoards:127 - board STM32MP157D-EV1 has no document id list !
2021-10-19 22:05:55,831 [WARN] DbBoards:127 - board STM32MP157F-DK2 has no document id list !
2021-10-19 22:05:55,831 [WARN] DbBoards:127 - board STM32MP157F-EV1 has no document id list !
2021-10-19 22:05:55,831 [WARN] DbBoards:127 - board STM32U575I-EV has no document id list !
2021-10-19 22:05:55,832 [WARN] DbBoards:127 - board STM32WB5MM-DK has no document id list !
2021-10-19 22:05:58,478 [ERROR] DbBoards:189 - Image file not found for board STM32U575I-EV: /opt/st/stm32cubeide_1.7.0/plugins/com.st.stm32cube.common.mx_6.3.0.202107141111//db//plugins/mcufinder/images/boards/stm32u575i-ev_small.jpg
2021-10-19 22:05:58,583 [INFO] ApiDb:251 - Load user favorites file /home/pato/.stm32cubeide/favorites.boards.txt: 0 item(s)
2021-10-19 22:05:58,584 [INFO] ApiDb:255 - User favorites Boards=[]
2021-10-19 22:05:58,584 [INFO] DbBoards:206 - Set 0 / 0 favorites Boards
2021-10-19 22:05:58,653 [INFO] LoadUrlFilesThread:172 - End of LoadServerUrlFiles without Thread
2021-10-19 22:05:58,654 [INFO] TargetSelectorAdapter:224 - Refresh data is successful
2021-10-19 22:05:58,946 [INFO] ApiDb:479 - Connected to CubeFinder SQLite database (/home/pato/.stmcufinder/plugins/mcufinder/mcu/cube-finder-db.db)
2021-10-19 22:06:01,915 [INFO] DbExamplesSqlite:411 - Ignored 50 examples not supported by CubeIDE
2021-10-19 22:06:01,916 [INFO] DbExamplesSqlite:412 - Found 5654 examples active
2021-10-19 22:06:01,917 [INFO] DbExamplesSqlite:413 - Found 110 examples obsolete
2021-10-19 22:06:01,917 [INFO] DbExamplesSqlite:414 - Found 0 examples under development
2021-10-19 22:06:01,918 [INFO] DbExamplesSqlite:415 - Found 71 examples not building
2021-10-19 22:06:02,017 [INFO] DbExamplesSqlite:108 - CubeFinder database Data Model version=2.1
2021-10-19 22:06:02,017 [INFO] DbExamplesSqlite:109 - CubeFinder database Configuration version=3.0.14
2021-10-19 22:06:02,017 [INFO] DbExamplesSqlite:110 - CubeFinder database generation date=2021-10-08 (1633708770)
2021-10-19 22:06:02,018 [INFO] DbExamplesSqlite:111 - CubeFinder database FW Pack versions=[STM32Cube_FW_F4_V1.26.2, STM32Cube_FW_F7_V1.16.1, STM32Cube_FW_G0_V1.5.0, STM32Cube_FW_G4_V1.4.0, STM32Cube_FW_H7_V1.9.0, STM32Cube_FW_L5_V1.4.0, STM32Cube_FW_U5_V1.0.0, STM32Cube_FW_WB_V1.12.1, STM32Cube_FW_WL_V1.1.0, X-CUBE-ALS_V1.0.1, X-CUBE-AZRTOS-F4_V1.0.0, X-CUBE-AZRTOS-H7_V2.0.0, X-CUBE-BLE1_V6.2.0, X-CUBE-BLE2_V3.2.1, X-CUBE-EEPRMA1_V3.1.0, X-CUBE-GNSS1_V5.2.0, X-CUBE-NFC4_V2.0.3, X-CUBE-SFXS2LP1_V3.1.0]
2021-10-19 22:06:02,020 [INFO] DbExamples:130 - Found 5675 examples
2021-10-19 22:06:05,543 [ERROR] DbExamples:206 - Found 5656 examples with invalid data (board or MCU)
2021-10-19 22:06:05,544 [INFO] DbExamples:222 - Found 71 boards with related examples
2021-10-19 22:06:05,546 [INFO] DbExamples:235 - Found 1 MCUs with related examples
2021-10-19 22:06:05,618 [INFO] ApiDb:251 - Load user favorites file /home/pato/.stm32cubeide/favorites.examples.txt: 0 item(s)
2021-10-19 22:06:05,618 [INFO] ApiDb:255 - User favorites Examples=[]
2021-10-19 22:06:05,619 [INFO] DbExamples:256 - Set 0 / 0 favorites Examples
2021-10-19 22:06:06,407 [INFO] McuFinderGlobals:52 - Set McuFinderConnectedMode to false
2021-10-19 22:06:07,098 [INFO] CrossSelectorPresenter:1330 - Cross Selector saved comparison directory: /home/pato/.stmcufinder/plugins/mcufinder/mcu/cs_comparisons_mx
2021-10-19 22:06:07,142 [INFO] MultiScanPanel:197 - Auto-refresh data requested => check proxy status ongoing
2021-10-19 22:06:07,142 [INFO] MultiScanPanel:201 - Proxy status is invalid
2021-10-19 22:06:07,165 [INFO] FinderPluginLoader:87 - Searching for filters in installed packs
2021-10-19 22:06:10,399 [INFO] DetailPanel:309 - Set advertising image to /home/pato/STM32Cube/Repository//en.Prom_NBSTM32U50921.jpg
2021-10-19 22:06:24,907 [INFO] McuFinderGlobals:52 - Set McuFinderConnectedMode to true
2021-10-19 22:06:24,912 [INFO] ApiDb:276 - Save user favorites file /home/pato/.stm32cubeide/favorites.mcus.txt: 0 item(s)
2021-10-19 22:06:24,912 [INFO] ApiDb:280 - User favorites MCUs=[]
2021-10-19 22:07:38,868 [INFO] Activator:177 - 


2021-10-19 22:07:38,875 [INFO] Activator:178 - !SESSION log4j initialized
2021-10-21 17:04:06,302 [INFO] Activator:177 - 


2021-10-21 17:04:06,307 [INFO] Activator:178 - !SESSION log4j initialized
2021-10-21 17:04:37,414 [INFO] Activator:177 - 


2021-10-21 17:04:37,419 [INFO] Activator:178 - !SESSION log4j initialized
2021-10-26 21:15:39,043 [INFO] Activator:177 - 


2021-10-26 21:15:39,065 [INFO] Activator:178 - !SESSION log4j initialized
2021-10-26 21:16:38,057 [INFO] Activator:177 - 


2021-10-26 21:16:38,062 [INFO] Activator:178 - !SESSION log4j initialized
2021-11-05 20:29:07,356 [INFO] Activator:177 - 


2021-11-05 20:29:07,364 [INFO] Activator:178 - !SESSION log4j initialized
2021-11-05 20:52:10,785 [INFO] McuFinderGlobals:39 - Set McuFinder mode to 2 (CubeIDE integrated)
2021-11-05 20:52:11,289 [INFO] ApplicationProperties:181 - Using Application install path: /opt/st/stm32cubeide_1.7.0/plugins/com.st.stm32cube.common.mx_6.3.0.202107141111
2021-11-05 20:52:11,314 [INFO] DbMcusXml:74 - Set database path to: /opt/st/stm32cubeide_1.7.0/plugins/com.st.stm32cube.common.mx_6.3.0.202107141111//db//mcu/
2021-11-05 20:52:11,321 [INFO] DbBoardsPdsc:56 - Set plugin database path to: /opt/st/stm32cubeide_1.7.0/plugins/com.st.stm32cube.common.mx_6.3.0.202107141111//db//plugins/boardmanager/
2021-11-05 20:52:11,322 [INFO] DbMcus:258 - Set plugin images path to: /opt/st/stm32cubeide_1.7.0/plugins/com.st.stm32cube.common.mx_6.3.0.202107141111//db//plugins/mcufinder/images/
2021-11-05 20:52:11,323 [INFO] DbBoards:264 - Set plugin images path to: /opt/st/stm32cubeide_1.7.0/plugins/com.st.stm32cube.common.mx_6.3.0.202107141111//db//plugins/mcufinder/images/
2021-11-05 20:52:11,329 [INFO] DbExamples:333 - Set plugin images path to: /opt/st/stm32cubeide_1.7.0/plugins/com.st.stm32cube.common.mx_6.3.0.202107141111//db//plugins/mcufinder/images/
2021-11-05 20:52:11,350 [INFO] DbMcusAds:119 - Set database path to: /home/pato/.stmcufinder/plugins/mcufinder//mcu/
2021-11-05 20:52:11,352 [INFO] DbMcusDocs:110 - Set database path to: /home/pato/.stmcufinder/plugins/mcufinder//mcu/
2021-11-05 20:52:11,356 [INFO] DbMcusJson:64 - Set database path to: /home/pato/.stmcufinder/plugins/mcufinder//mcu/
2021-11-05 20:52:11,358 [INFO] DbBoardsDocs:110 - Set database path to: /home/pato/.stmcufinder/plugins/mcufinder//mcu/
2021-11-05 20:52:11,361 [INFO] DbBoardsJson:57 - Set database path to: /home/pato/.stmcufinder/plugins/mcufinder//mcu/
2021-11-05 20:52:11,969 [INFO] CrossReferenceDbSqlite:196 - Set database path to: /home/pato/.stmcufinder/plugins/mcufinder//mcu/cs/
2021-11-05 20:52:11,975 [INFO] DbExamplesSqlite:767 - Set database path to: /home/pato/.stmcufinder/plugins/mcufinder//mcu/
2021-11-05 20:52:12,276 [INFO] RulesReader:57 - Compatibility file has been processed (242 Rules)
2021-11-05 20:52:12,542 [INFO] DbMcusXml:74 - Set database path to: /opt/st/stm32cubeide_1.7.0/plugins/com.st.stm32cube.common.mx_6.3.0.202107141111//db//mcu/
2021-11-05 20:52:12,545 [INFO] DbBoardsPdsc:56 - Set plugin database path to: /opt/st/stm32cubeide_1.7.0/plugins/com.st.stm32cube.common.mx_6.3.0.202107141111//db//plugins/boardmanager/
2021-11-05 20:52:12,546 [INFO] DbMcus:258 - Set plugin images path to: /opt/st/stm32cubeide_1.7.0/plugins/com.st.stm32cube.common.mx_6.3.0.202107141111//db//plugins/mcufinder/images/
2021-11-05 20:52:12,546 [INFO] DbBoards:264 - Set plugin images path to: /opt/st/stm32cubeide_1.7.0/plugins/com.st.stm32cube.common.mx_6.3.0.202107141111//db//plugins/mcufinder/images/
2021-11-05 20:52:12,547 [INFO] DbExamples:333 - Set plugin images path to: /opt/st/stm32cubeide_1.7.0/plugins/com.st.stm32cube.common.mx_6.3.0.202107141111//db//plugins/mcufinder/images/
2021-11-05 20:52:12,547 [WARN] DbFile:35 - Overriding database path with different value: /home/pato/.stmcufinder/plugins/mcufinder/ => /home/pato/.stmcufinder/plugins/mcufinder
2021-11-05 20:52:12,548 [INFO] DbMcusAds:119 - Set database path to: /home/pato/.stmcufinder/plugins/mcufinder//mcu/
2021-11-05 20:52:12,548 [WARN] DbFile:35 - Overriding database path with different value: /home/pato/.stmcufinder/plugins/mcufinder/ => /home/pato/.stmcufinder/plugins/mcufinder
2021-11-05 20:52:12,548 [INFO] DbMcusDocs:110 - Set database path to: /home/pato/.stmcufinder/plugins/mcufinder//mcu/
2021-11-05 20:52:12,548 [WARN] DbFile:35 - Overriding database path with different value: /home/pato/.stmcufinder/plugins/mcufinder/ => /home/pato/.stmcufinder/plugins/mcufinder
2021-11-05 20:52:12,549 [INFO] DbMcusJson:64 - Set database path to: /home/pato/.stmcufinder/plugins/mcufinder//mcu/
2021-11-05 20:52:12,549 [WARN] DbFile:35 - Overriding database path with different value: /home/pato/.stmcufinder/plugins/mcufinder/ => /home/pato/.stmcufinder/plugins/mcufinder
2021-11-05 20:52:12,550 [INFO] DbBoardsDocs:110 - Set database path to: /home/pato/.stmcufinder/plugins/mcufinder//mcu/
2021-11-05 20:52:12,550 [WARN] DbFile:35 - Overriding database path with different value: /home/pato/.stmcufinder/plugins/mcufinder/ => /home/pato/.stmcufinder/plugins/mcufinder
2021-11-05 20:52:12,550 [INFO] DbBoardsJson:57 - Set database path to: /home/pato/.stmcufinder/plugins/mcufinder//mcu/
2021-11-05 20:52:12,550 [WARN] DbFile:35 - Overriding database path with different value: /home/pato/.stmcufinder/plugins/mcufinder/ => /home/pato/.stmcufinder/plugins/mcufinder
2021-11-05 20:52:12,551 [WARN] DbFile:35 - Overriding database path with different value: /home/pato/.stmcufinder/plugins/mcufinder/ => /home/pato/.stmcufinder/plugins/mcufinder
2021-11-05 20:52:12,551 [INFO] CrossReferenceDbSqlite:196 - Set database path to: /home/pato/.stmcufinder/plugins/mcufinder//mcu/cs/
2021-11-05 20:52:12,551 [WARN] DbFile:35 - Overriding database path with different value: /home/pato/.stmcufinder/plugins/mcufinder/ => /home/pato/.stmcufinder/plugins/mcufinder
2021-11-05 20:52:12,551 [INFO] DbExamplesSqlite:767 - Set database path to: /home/pato/.stmcufinder/plugins/mcufinder//mcu/
2021-11-05 20:52:12,767 [INFO] MainPanel:214 - HeapMemory: 482344960
2021-11-05 20:52:13,118 [INFO] DbMcusXml:74 - Set database path to: /opt/st/stm32cubeide_1.7.0/plugins/com.st.stm32cube.common.mx_6.3.0.202107141111//db//mcu/
2021-11-05 20:52:13,119 [INFO] DbBoardsPdsc:56 - Set plugin database path to: /opt/st/stm32cubeide_1.7.0/plugins/com.st.stm32cube.common.mx_6.3.0.202107141111//db//plugins/boardmanager/
2021-11-05 20:52:13,120 [INFO] DbMcus:258 - Set plugin images path to: /opt/st/stm32cubeide_1.7.0/plugins/com.st.stm32cube.common.mx_6.3.0.202107141111//db//plugins/mcufinder/images/
2021-11-05 20:52:13,120 [INFO] DbBoards:264 - Set plugin images path to: /opt/st/stm32cubeide_1.7.0/plugins/com.st.stm32cube.common.mx_6.3.0.202107141111//db//plugins/mcufinder/images/
2021-11-05 20:52:13,121 [INFO] DbExamples:333 - Set plugin images path to: /opt/st/stm32cubeide_1.7.0/plugins/com.st.stm32cube.common.mx_6.3.0.202107141111//db//plugins/mcufinder/images/
2021-11-05 20:52:13,122 [WARN] DbFile:35 - Overriding database path with different value: /home/pato/.stmcufinder/plugins/mcufinder/ => /home/pato/.stmcufinder/plugins/mcufinder
2021-11-05 20:52:13,123 [INFO] DbMcusAds:119 - Set database path to: /home/pato/.stmcufinder/plugins/mcufinder//mcu/
2021-11-05 20:52:13,123 [WARN] DbFile:35 - Overriding database path with different value: /home/pato/.stmcufinder/plugins/mcufinder/ => /home/pato/.stmcufinder/plugins/mcufinder
2021-11-05 20:52:13,123 [INFO] DbMcusDocs:110 - Set database path to: /home/pato/.stmcufinder/plugins/mcufinder//mcu/
2021-11-05 20:52:13,124 [WARN] DbFile:35 - Overriding database path with different value: /home/pato/.stmcufinder/plugins/mcufinder/ => /home/pato/.stmcufinder/plugins/mcufinder
2021-11-05 20:52:13,124 [INFO] DbMcusJson:64 - Set database path to: /home/pato/.stmcufinder/plugins/mcufinder//mcu/
2021-11-05 20:52:13,124 [WARN] DbFile:35 - Overriding database path with different value: /home/pato/.stmcufinder/plugins/mcufinder/ => /home/pato/.stmcufinder/plugins/mcufinder
2021-11-05 20:52:13,124 [INFO] DbBoardsDocs:110 - Set database path to: /home/pato/.stmcufinder/plugins/mcufinder//mcu/
2021-11-05 20:52:13,125 [WARN] DbFile:35 - Overriding database path with different value: /home/pato/.stmcufinder/plugins/mcufinder/ => /home/pato/.stmcufinder/plugins/mcufinder
2021-11-05 20:52:13,125 [INFO] DbBoardsJson:57 - Set database path to: /home/pato/.stmcufinder/plugins/mcufinder//mcu/
2021-11-05 20:52:13,125 [WARN] DbFile:35 - Overriding database path with different value: /home/pato/.stmcufinder/plugins/mcufinder/ => /home/pato/.stmcufinder/plugins/mcufinder
2021-11-05 20:52:13,126 [WARN] DbFile:35 - Overriding database path with different value: /home/pato/.stmcufinder/plugins/mcufinder/ => /home/pato/.stmcufinder/plugins/mcufinder
2021-11-05 20:52:13,126 [INFO] CrossReferenceDbSqlite:196 - Set database path to: /home/pato/.stmcufinder/plugins/mcufinder//mcu/cs/
2021-11-05 20:52:13,126 [WARN] DbFile:35 - Overriding database path with different value: /home/pato/.stmcufinder/plugins/mcufinder/ => /home/pato/.stmcufinder/plugins/mcufinder
2021-11-05 20:52:13,127 [INFO] DbExamplesSqlite:767 - Set database path to: /home/pato/.stmcufinder/plugins/mcufinder//mcu/
2021-11-05 20:52:13,174 [INFO] ApplicationProperties:181 - Using Application install path: /opt/st/stm32cubeide_1.7.0/plugins/com.st.stm32cube.common.mx_6.3.0.202107141111
2021-11-05 20:52:13,176 [INFO] PluginManage:188 - Search for loadable plugins [exclusion list=, ]
2021-11-05 20:52:13,179 [INFO] PluginManage:302 - Check plugin analytics
2021-11-05 20:52:13,588 [INFO] AnalyticsPlugin:257 - Accepted Software Licenses: 
2021-11-05 20:52:13,589 [INFO] AnalyticsPlugin:259 - Accepted CMSIS Pack Licenses: 
2021-11-05 20:52:13,589 [INFO] AnalyticsPlugin:261 - Accepted Firmware Licenses: 
2021-11-05 20:52:13,591 [INFO] PluginManage:352 - Loaded plugin analytics (category:tool,tabindex:-1)
2021-11-05 20:52:13,593 [INFO] PluginManage:302 - Check plugin clock
2021-11-05 20:52:13,648 [INFO] PluginManage:352 - Loaded plugin clock (category:base,tabindex:2)
2021-11-05 20:52:13,648 [INFO] PluginManage:302 - Check plugin ddr
2021-11-05 20:52:13,653 [INFO] PluginManage:352 - Loaded plugin ddr (category:tool,tabindex:6)
2021-11-05 20:52:13,653 [INFO] PluginManage:302 - Check plugin filemanager
2021-11-05 20:52:14,000 [INFO] PluginManage:352 - Loaded plugin filemanager (category:base,tabindex:10)
2021-11-05 20:52:14,000 [INFO] PluginManage:302 - Check plugin ipmanager
2021-11-05 20:52:14,029 [INFO] PluginManage:352 - Loaded plugin ipmanager (category:base,tabindex:5)
2021-11-05 20:52:14,030 [INFO] PluginManage:302 - Check plugin pinoutandconfiguration
2021-11-05 20:52:14,056 [INFO] PluginManage:352 - Loaded plugin pinoutandconfiguration (category:base,tabindex:1)
2021-11-05 20:52:14,057 [INFO] PluginManage:302 - Check plugin pinoutconfig
2021-11-05 20:52:14,156 [INFO] PluginManage:352 - Loaded plugin pinoutconfig (category:base,tabindex:0)
2021-11-05 20:52:14,157 [INFO] PluginManage:302 - Check plugin power
2021-11-05 20:52:14,182 [INFO] PluginManage:352 - Loaded plugin power (category:power,tabindex:4)
2021-11-05 20:52:14,183 [INFO] PluginManage:302 - Check plugin projectmanager
2021-11-05 20:52:14,234 [INFO] PluginManage:352 - Loaded plugin projectmanager (category:projectmanager,tabindex:3)
2021-11-05 20:52:14,235 [INFO] PluginManage:302 - Check plugin thirdparty
2021-11-05 20:52:14,519 [WARN] IntegrityCheckThread:78 - waiting for thirdparty lock release [integrity check]
2021-11-05 20:52:14,522 [INFO] IntegrityCheckThread:80 - entering critical section [integrity check]
2021-11-05 20:52:14,523 [INFO] ThirdPartyUpdaterWithRetryManager:66 - Updater plugin not ready yet. [1/15]
2021-11-05 20:52:14,522 [INFO] PluginManage:352 - Loaded plugin thirdparty (category:base,tabindex:-1)
2021-11-05 20:52:14,523 [INFO] PluginManage:302 - Check plugin tools
2021-11-05 20:52:14,532 [INFO] PluginManage:352 - Loaded plugin tools (category:base,tabindex:7)
2021-11-05 20:52:14,533 [INFO] PluginManage:302 - Check plugin tutovideos
2021-11-05 20:52:15,025 [INFO] PluginManage:352 - Loaded plugin tutovideos (category:base,tabindex:-1)
2021-11-05 20:52:15,026 [INFO] PluginManage:302 - Check plugin updater
2021-11-05 20:52:15,084 [INFO] PluginManage:352 - Loaded plugin updater (category:base,tabindex:12)
2021-11-05 20:52:15,085 [INFO] PluginManage:275 - PluginManage : Loaded plugins [13]
2021-11-05 20:52:16,212 [INFO] PinOutPanel:1463 - setPackage(No Configuration,No Configuration)
2021-11-05 20:52:16,411 [INFO] IPUIPlugin:74 - create IPUIPlugin
2021-11-05 20:52:16,412 [INFO] PluginManager:213 - loadIPPluginJar : add lorawan
2021-11-05 20:52:16,416 [INFO] IPUIPlugin:74 - create IPUIPlugin
2021-11-05 20:52:16,416 [INFO] PluginManager:213 - loadIPPluginJar : add i2s
2021-11-05 20:52:16,422 [INFO] IPUIPlugin:74 - create IPUIPlugin
2021-11-05 20:52:16,422 [INFO] PluginManager:213 - loadIPPluginJar : add gtzc
2021-11-05 20:52:16,427 [INFO] IPUIPlugin:74 - create IPUIPlugin
2021-11-05 20:52:16,427 [INFO] PluginManager:213 - loadIPPluginJar : add cryp
2021-11-05 20:52:16,431 [INFO] IPUIPlugin:74 - create IPUIPlugin
2021-11-05 20:52:16,431 [INFO] PluginManager:213 - loadIPPluginJar : add usart
2021-11-05 20:52:16,441 [INFO] IPUIPlugin:74 - create IPUIPlugin
2021-11-05 20:52:16,442 [INFO] PluginManager:213 - loadIPPluginJar : add stm32_wpan
2021-11-05 20:52:16,453 [INFO] IPUIPlugin:74 - create IPUIPlugin
2021-11-05 20:52:16,453 [INFO] PluginManager:213 - loadIPPluginJar : add fmc
2021-11-05 20:52:16,458 [INFO] IPUIPlugin:74 - create IPUIPlugin
2021-11-05 20:52:16,464 [INFO] PluginManager:213 - loadIPPluginJar : add dma3
2021-11-05 20:52:16,490 [INFO] IPUIPlugin:74 - create IPUIPlugin
2021-11-05 20:52:16,490 [INFO] PluginManager:213 - loadIPPluginJar : add nvic
2021-11-05 20:52:16,494 [INFO] IPUIPlugin:74 - create IPUIPlugin
2021-11-05 20:52:16,494 [INFO] PluginManager:213 - loadIPPluginJar : add spi
2021-11-05 20:52:16,500 [INFO] IPUIPlugin:74 - create IPUIPlugin
2021-11-05 20:52:16,501 [INFO] PluginManager:213 - loadIPPluginJar : add opamp
2021-11-05 20:52:16,530 [INFO] IPUIPlugin:74 - create IPUIPlugin
2021-11-05 20:52:16,534 [INFO] PluginManager:213 - loadIPPluginJar : add ts
2021-11-05 20:52:16,552 [INFO] IPUIPlugin:74 - create IPUIPlugin
2021-11-05 20:52:16,553 [INFO] PluginManager:213 - loadIPPluginJar : add fatfs
2021-11-05 20:52:16,574 [INFO] IPUIPlugin:74 - create IPUIPlugin
2021-11-05 20:52:16,575 [INFO] PluginManager:213 - loadIPPluginJar : add touchsensing
2021-11-05 20:52:16,599 [INFO] IPUIPlugin:74 - create IPUIPlugin
2021-11-05 20:52:16,600 [INFO] PluginManager:213 - loadIPPluginJar : add dfsdm
2021-11-05 20:52:16,616 [INFO] IPUIPlugin:74 - create IPUIPlugin
2021-11-05 20:52:16,616 [INFO] PluginManager:213 - loadIPPluginJar : add gpio
2021-11-05 20:52:16,636 [INFO] IPUIPlugin:74 - create IPUIPlugin
2021-11-05 20:52:16,636 [INFO] PluginManager:213 - loadIPPluginJar : add dma
2021-11-05 20:52:16,640 [INFO] IPUIPlugin:74 - create IPUIPlugin
2021-11-05 20:52:16,641 [INFO] PluginManager:213 - loadIPPluginJar : add quadspi
2021-11-05 20:52:16,663 [INFO] IPUIPlugin:74 - create IPUIPlugin
2021-11-05 20:52:16,664 [INFO] PluginManager:213 - loadIPPluginJar : add tracer_emb
2021-11-05 20:52:16,672 [INFO] IPUIPlugin:74 - create IPUIPlugin
2021-11-05 20:52:16,672 [INFO] PluginManager:213 - loadIPPluginJar : add genericplugin
2021-11-05 20:52:16,686 [INFO] IPUIPlugin:74 - create IPUIPlugin
2021-11-05 20:52:16,686 [INFO] PluginManager:213 - loadIPPluginJar : add mdma
2021-11-05 20:52:16,691 [INFO] IPUIPlugin:74 - create IPUIPlugin
2021-11-05 20:52:16,691 [INFO] PluginManager:213 - loadIPPluginJar : add aes
2021-11-05 20:52:16,694 [INFO] IPUIPlugin:74 - create IPUIPlugin
2021-11-05 20:52:16,695 [INFO] PluginManager:213 - loadIPPluginJar : add comp
2021-11-05 20:52:16,730 [INFO] IPUIPlugin:74 - create IPUIPlugin
2021-11-05 20:52:16,733 [INFO] PluginManager:213 - loadIPPluginJar : add freertos
2021-11-05 20:52:16,747 [INFO] IPUIPlugin:74 - create IPUIPlugin
2021-11-05 20:52:16,747 [INFO] PluginManager:213 - loadIPPluginJar : add ipddr
2021-11-05 20:52:16,754 [INFO] IPUIPlugin:74 - create IPUIPlugin
2021-11-05 20:52:16,754 [INFO] PluginManager:213 - loadIPPluginJar : add pdm2pcm
2021-11-05 20:52:16,778 [INFO] IPUIPlugin:74 - create IPUIPlugin
2021-11-05 20:52:16,790 [INFO] PluginManager:213 - loadIPPluginJar : add gic
2021-11-05 20:52:16,804 [INFO] IPUIPlugin:74 - create IPUIPlugin
2021-11-05 20:52:16,804 [INFO] PluginManager:213 - loadIPPluginJar : add i2c
2021-11-05 20:52:16,827 [INFO] IPUIPlugin:74 - create IPUIPlugin
2021-11-05 20:52:16,837 [INFO] PluginManager:213 - loadIPPluginJar : add plateformsettings
2021-11-05 20:52:16,848 [INFO] IPUIPlugin:74 - create IPUIPlugin
2021-11-05 20:52:16,848 [INFO] PluginManager:213 - loadIPPluginJar : add tim
2021-11-05 20:52:16,855 [INFO] IPUIPlugin:74 - create IPUIPlugin
2021-11-05 20:52:16,855 [INFO] PluginManager:213 - loadIPPluginJar : add openamp
2021-11-05 20:52:16,858 [INFO] IPUIPlugin:74 - create IPUIPlugin
2021-11-05 20:52:16,859 [INFO] PluginManager:213 - loadIPPluginJar : add tsc
2021-11-05 20:52:16,872 [INFO] IPUIPlugin:74 - create IPUIPlugin
2021-11-05 20:52:16,873 [INFO] PluginManager:213 - loadIPPluginJar : add resmgrutility
2021-11-05 20:52:16,879 [INFO] IPUIPlugin:74 - create IPUIPlugin
2021-11-05 20:52:16,880 [INFO] PluginManager:213 - loadIPPluginJar : add gfxmmu
2021-11-05 20:52:16,885 [INFO] IPUIPlugin:74 - create IPUIPlugin
2021-11-05 20:52:16,885 [INFO] PluginManager:213 - loadIPPluginJar : add ltdc
2021-11-05 20:52:16,902 [INFO] IPUIPlugin:74 - create IPUIPlugin
2021-11-05 20:52:16,902 [INFO] PluginManager:213 - loadIPPluginJar : add adc
2021-11-05 20:52:16,906 [INFO] IPUIPlugin:74 - create IPUIPlugin
2021-11-05 20:52:16,907 [INFO] PluginManager:213 - loadIPPluginJar : add ucpd
2021-11-05 20:52:16,913 [INFO] IPUIPlugin:74 - create IPUIPlugin
2021-11-05 20:52:16,913 [INFO] PluginManager:213 - loadIPPluginJar : add can
2021-11-05 20:52:16,929 [INFO] IPUIPlugin:74 - create IPUIPlugin
2021-11-05 20:52:16,930 [INFO] PluginManager:213 - loadIPPluginJar : add usbx
2021-11-05 20:52:16,961 [INFO] IPUIPlugin:74 - create IPUIPlugin
2021-11-05 20:52:16,962 [INFO] PluginManager:213 - loadIPPluginJar : add linkedlist
2021-11-05 20:52:16,983 [INFO] IPUIPlugin:74 - create IPUIPlugin
2021-11-05 20:52:16,997 [INFO] PluginManager:213 - loadIPPluginJar : add sai
2021-11-05 20:52:17,013 [INFO] IPUIPlugin:74 - create IPUIPlugin
2021-11-05 20:52:17,013 [INFO] PluginManager:213 - loadIPPluginJar : add hash
2021-11-05 20:52:17,523 [INFO] ThirdPartyUpdaterWithRetryManager:66 - Updater plugin not ready yet. [2/15]
2021-11-05 20:52:18,016 [FATAL] Updater:294 - Updater called before beeing initialized
2021-11-05 20:52:18,316 [FATAL] Updater:294 - Updater called before beeing initialized
2021-11-05 20:52:18,324 [INFO] DbMcusAds:47 - JSON generation date=Thu Sep 30 03:55:09 ART 2021 (1632984909289)
2021-11-05 20:52:18,324 [FATAL] Updater:294 - Updater called before beeing initialized
2021-11-05 20:52:18,429 [WARN] DetailPanel:314 - Failed to get advertising image, set to default
2021-11-05 20:52:18,643 [FATAL] Updater:294 - Updater called before beeing initialized
2021-11-05 20:52:18,646 [FATAL] Updater:294 - Updater called before beeing initialized
2021-11-05 20:52:18,646 [FATAL] Updater:294 - Updater called before beeing initialized
2021-11-05 20:52:18,647 [WARN] DetailPanel:314 - Failed to get advertising image, set to default
2021-11-05 20:52:18,650 [FATAL] Updater:294 - Updater called before beeing initialized
2021-11-05 20:52:18,775 [ERROR] Updater:1075 - MainUpdater not yet initialized. External WinMGr cannot be set.
2021-11-05 20:52:18,783 [INFO] Updater:1012 - Updater Version found : 6.3.0
2021-11-05 20:52:18,847 [INFO] ApplicationProperties:181 - Using Application install path: /opt/st/stm32cubeide_1.7.0/plugins/com.st.stm32cube.common.mx_6.3.0.202107141111
2021-11-05 20:52:19,967 [INFO] MainUpdater:2671 - connection check result : 10
2021-11-05 20:52:19,968 [INFO] MainUpdater:3359 - Updater definition file requires update
2021-11-05 20:52:19,969 [INFO] MainUpdater:265 - Updater Check For Update Now.
2021-11-05 20:52:19,970 [INFO] MicroXplorer:478 - Change Database Version : DB.6.0.30
2021-11-05 20:52:20,128 [INFO] ServerAccessManage:362 - Download File updaters.zip
2021-11-05 20:52:20,263 [INFO] FileExtend:235 - Unzip File : updaters.zip
2021-11-05 20:52:20,263 [INFO] FileExtend:250 - Standard Zip Deflate
2021-11-05 20:52:20,527 [WARN] MainUpdater:1122 - Updater busy. Cannot search thirdparties
2021-11-05 20:52:20,528 [INFO] ThirdPartyUpdaterWithRetryManager:92 - Updater plugin is busy. [1/15]
2021-11-05 20:52:21,298 [INFO] ServerAccessManage:362 - Download File PacksControlFlags.xml
2021-11-05 20:52:21,520 [INFO] ServerAccessManage:362 - Download File cubemx.pidx
2021-11-05 20:52:22,598 [INFO] ServerAccessManage:362 - Download File STMicroelectronics.X-CUBE-BLE1.pdsc
2021-11-05 20:52:23,529 [WARN] MainUpdater:1122 - Updater busy. Cannot search thirdparties
2021-11-05 20:52:23,529 [INFO] ThirdPartyUpdaterWithRetryManager:92 - Updater plugin is busy. [2/15]
2021-11-05 20:52:23,614 [ERROR] ServerAccessManage:974 - Problem, file not found on Server
2021-11-05 20:52:23,817 [INFO] ServerAccessManage:362 - Download File STMicroelectronics.X-CUBE-DISPLAY.pdsc
2021-11-05 20:52:23,908 [ERROR] ServerAccessManage:1024 - Warning during Server Connexion :  Invalid URL no protocol: Release_Notes.html
2021-11-05 20:52:23,911 [ERROR] LogOutputStream:74 - [STDERR_REDIRECT] java.net.MalformedURLException: no protocol: Release_Notes.html
2021-11-05 20:52:23,915 [ERROR] LogOutputStream:74 - [STDERR_REDIRECT] 	at java.base/java.net.URL.<init>(URL.java:645)
2021-11-05 20:52:23,916 [ERROR] LogOutputStream:74 - [STDERR_REDIRECT] 	at java.base/java.net.URL.<init>(URL.java:541)
2021-11-05 20:52:23,917 [ERROR] LogOutputStream:74 - [STDERR_REDIRECT] 	at java.base/java.net.URL.<init>(URL.java:488)
2021-11-05 20:52:23,917 [ERROR] LogOutputStream:74 - [STDERR_REDIRECT] 	at com.st.microxplorer.plugins.updater.engine.ServerAccessManage.openHttpConnexion(ServerAccessManage.java:884)
2021-11-05 20:52:23,918 [ERROR] LogOutputStream:74 - [STDERR_REDIRECT] 	at com.st.microxplorer.plugins.updater.engine.ServerAccessManage.getHttpFileSize(ServerAccessManage.java:586)
2021-11-05 20:52:23,919 [ERROR] LogOutputStream:74 - [STDERR_REDIRECT] 	at com.st.microxplorer.plugins.updater.engine.LoadServerUpdatesThread.addUpdaterFile(LoadServerUpdatesThread.java:1265)
2021-11-05 20:52:23,920 [ERROR] LogOutputStream:74 - [STDERR_REDIRECT] 	at com.st.microxplorer.plugins.updater.engine.LoadServerUpdatesThread.processPackIndexEntries(LoadServerUpdatesThread.java:1070)
2021-11-05 20:52:23,921 [ERROR] LogOutputStream:74 - [STDERR_REDIRECT] 	at com.st.microxplorer.plugins.updater.engine.LoadServerUpdatesThread.processThirdPartyUpdaterIndexUrls(LoadServerUpdatesThread.java:1014)
2021-11-05 20:52:23,922 [ERROR] LogOutputStream:74 - [STDERR_REDIRECT] 	at com.st.microxplorer.plugins.updater.engine.LoadServerUpdatesThread.processThirdParties(LoadServerUpdatesThread.java:779)
2021-11-05 20:52:23,922 [ERROR] LogOutputStream:74 - [STDERR_REDIRECT] 	at com.st.microxplorer.plugins.updater.engine.LoadServerUpdatesThread.performFullUpdate(LoadServerUpdatesThread.java:395)
2021-11-05 20:52:23,923 [ERROR] LogOutputStream:74 - [STDERR_REDIRECT] 	at com.st.microxplorer.plugins.updater.engine.LoadServerUpdatesThread.run(LoadServerUpdatesThread.java:280)
2021-11-05 20:52:24,654 [INFO] ServerAccessManage:362 - Download File STMicroelectronics.X-CUBE-MEMS1.pdsc
2021-11-05 20:52:25,788 [INFO] ServerAccessManage:362 - Download File STMicroelectronics.X-CUBE-TOUCHGFX.pdsc
2021-11-05 20:52:26,563 [WARN] MainUpdater:1122 - Updater busy. Cannot search thirdparties
2021-11-05 20:52:26,564 [INFO] ThirdPartyUpdaterWithRetryManager:92 - Updater plugin is busy. [3/15]
2021-11-05 20:52:27,523 [WARN] PackLoader:238 - Cannot read IP mode file for STMicroelectronics.X-CUBE-BLE1.6.2.2
2021-11-05 20:52:27,556 [INFO] CheckServerUpdateThread:112 - End of CheckServer Thread
2021-11-05 20:52:27,566 [INFO] MainUpdater:2671 - connection check result : 10
2021-11-05 20:52:27,573 [WARN] PackLoader:238 - Cannot read IP mode file for STMicroelectronics.X-CUBE-DISPLAY.2.0.0
2021-11-05 20:52:27,582 [INFO] McuFinderGlobals:52 - Set McuFinderConnectedMode to true
2021-11-05 20:52:28,021 [WARN] PackLoader:238 - Cannot read IP mode file for STMicroelectronics.X-CUBE-MEMS1.9.1.0
2021-11-05 20:52:29,152 [WARN] PackLoader:238 - Cannot read IP mode file for STMicroelectronics.X-CUBE-TOUCHGFX.4.18.0
2021-11-05 20:52:29,153 [INFO] PopulateThirdPartyThread:60 - Ending populate Thread
2021-11-05 20:52:29,179 [INFO] ThirdParty:967 - CMSIS Pack Vendor :STMicroelectronics X-CUBE-BLE1 6.2.2
2021-11-05 20:52:29,179 [INFO] ThirdParty:967 - CMSIS Pack Vendor :STMicroelectronics X-CUBE-DISPLAY 2.0.0
2021-11-05 20:52:29,180 [INFO] ThirdParty:967 - CMSIS Pack Vendor :STMicroelectronics X-CUBE-MEMS1 9.1.0
2021-11-05 20:52:29,180 [INFO] ThirdParty:967 - CMSIS Pack Vendor :STMicroelectronics X-CUBE-TOUCHGFX 4.18.0
2021-11-05 20:52:29,181 [INFO] LoadServerUpdatesThread:339 - End of LoadServerUpdate Thread
2021-11-05 20:52:29,230 [INFO] ServerAccessManage:362 - Download File mcusAds.json._tmp_
2021-11-05 20:52:29,385 [INFO] LoadUrlFilesThread:145 - End of LoadUrlFiles Thread
2021-11-05 20:52:29,565 [WARN] MainUpdater:1122 - Updater busy. Cannot search thirdparties
2021-11-05 20:52:29,565 [INFO] ThirdPartyUpdaterWithRetryManager:92 - Updater plugin is busy. [4/15]
2021-11-05 20:52:30,317 [INFO] ServerAccessManage:362 - Download File mcusDocs.json._tmp_
2021-11-05 20:52:31,187 [INFO] LoadUrlFilesThread:145 - End of LoadUrlFiles Thread
2021-11-05 20:52:31,358 [INFO] ServerAccessManage:362 - Download File mcusFeaturesAndDescription.json._tmp_
2021-11-05 20:52:32,565 [WARN] MainUpdater:1122 - Updater busy. Cannot search thirdparties
2021-11-05 20:52:32,566 [INFO] ThirdPartyUpdaterWithRetryManager:92 - Updater plugin is busy. [5/15]
2021-11-05 20:52:34,776 [INFO] LoadUrlFilesThread:145 - End of LoadUrlFiles Thread
2021-11-05 20:52:34,928 [INFO] ServerAccessManage:362 - Download File boardsDocs.json._tmp_
2021-11-05 20:52:35,072 [INFO] LoadUrlFilesThread:145 - End of LoadUrlFiles Thread
2021-11-05 20:52:35,247 [INFO] ServerAccessManage:362 - Download File boards.json._tmp_
2021-11-05 20:52:35,530 [INFO] LoadUrlFilesThread:145 - End of LoadUrlFiles Thread
2021-11-05 20:52:35,569 [WARN] MainUpdater:1122 - Updater busy. Cannot search thirdparties
2021-11-05 20:52:35,574 [INFO] ThirdPartyUpdaterWithRetryManager:92 - Updater plugin is busy. [6/15]
2021-11-05 20:52:35,786 [INFO] ServerAccessManage:362 - Download File cube-finder-db.zip
2021-11-05 20:52:38,575 [WARN] MainUpdater:1122 - Updater busy. Cannot search thirdparties
2021-11-05 20:52:38,575 [INFO] ThirdPartyUpdaterWithRetryManager:92 - Updater plugin is busy. [7/15]
2021-11-05 20:52:41,576 [WARN] MainUpdater:1122 - Updater busy. Cannot search thirdparties
2021-11-05 20:52:41,576 [INFO] ThirdPartyUpdaterWithRetryManager:92 - Updater plugin is busy. [8/15]
2021-11-05 20:52:44,098 [INFO] FileExtend:235 - Unzip File : cube-finder-db.zip
2021-11-05 20:52:44,101 [INFO] FileExtend:250 - Standard Zip Deflate
2021-11-05 20:52:44,577 [WARN] MainUpdater:1122 - Updater busy. Cannot search thirdparties
2021-11-05 20:52:44,578 [INFO] ThirdPartyUpdaterWithRetryManager:92 - Updater plugin is busy. [9/15]
2021-11-05 20:52:46,074 [INFO] LoadUrlFilesThread:145 - End of LoadUrlFiles Thread
2021-11-05 20:52:47,184 [INFO] ServerAccessManage:362 - Download File crdb.zip
2021-11-05 20:52:47,578 [WARN] MainUpdater:1122 - Updater busy. Cannot search thirdparties
2021-11-05 20:52:47,578 [INFO] ThirdPartyUpdaterWithRetryManager:92 - Updater plugin is busy. [10/15]
2021-11-05 20:52:48,539 [INFO] FileExtend:235 - Unzip File : crdb.zip
2021-11-05 20:52:48,540 [INFO] FileExtend:250 - Standard Zip Deflate
2021-11-05 20:52:48,750 [INFO] LoadUrlFilesThread:145 - End of LoadUrlFiles Thread
2021-11-05 20:52:48,925 [INFO] ServerAccessManage:362 - Download File tutoVideoDB.zip
2021-11-05 20:52:48,993 [INFO] FileExtend:235 - Unzip File : tutoVideoDB.zip
2021-11-05 20:52:48,993 [INFO] FileExtend:250 - Standard Zip Deflate
2021-11-05 20:52:49,116 [INFO] LoadUrlFilesThread:145 - End of LoadUrlFiles Thread
2021-11-05 20:52:49,131 [INFO] DbMcusAds:47 - JSON generation date=Thu Sep 30 03:55:09 ART 2021 (1632984909434)
2021-11-05 20:52:49,284 [INFO] DbMcusDocs:143 - JSON generation date=Fri Oct 29 04:56:29 ART 2021 (1635494189)
2021-11-05 20:52:49,303 [INFO] DbMcusXml:100 - Load MCU database from /opt/st/stm32cubeide_1.7.0/plugins/com.st.stm32cube.common.mx_6.3.0.202107141111//db//mcu/families.xml
2021-11-05 20:52:51,195 [WARN] PackLoader:238 - Cannot read IP mode file for STMicroelectronics.X-CUBE-BLE1.6.2.1
2021-11-05 20:52:51,218 [WARN] PackLoader:238 - Cannot read IP mode file for STMicroelectronics.X-CUBE-BLE1.6.2.2
2021-11-05 20:52:51,257 [WARN] PackLoader:238 - Cannot read IP mode file for STMicroelectronics.X-CUBE-BLE2.3.2.1
2021-11-05 20:52:51,296 [WARN] PackLoader:238 - Cannot read IP mode file for STMicroelectronics.X-CUBE-BLE2.3.2.2
2021-11-05 20:52:51,335 [WARN] PackLoader:238 - Cannot read IP mode file for STMicroelectronics.X-CUBE-NFC4.2.0.3
2021-11-05 20:52:51,398 [WARN] PackLoader:238 - Cannot read IP mode file for wolfSSL.I-CUBE-wolfSSL.4.8.0
2021-11-05 20:52:51,445 [WARN] PackLoader:238 - Cannot read IP mode file for STMicroelectronics.X-CUBE-SFXS2LP1.3.1.0
2021-11-05 20:52:51,649 [WARN] PackLoader:238 - Cannot read IP mode file for STMicroelectronics.X-CUBE-AZRTOS-F4.1.0.0
2021-11-05 20:52:51,703 [WARN] PackLoader:238 - Cannot read IP mode file for STMicroelectronics.X-CUBE-TOF1.2.0.0
2021-11-05 20:52:51,785 [WARN] PackLoader:238 - Cannot read IP mode file for STMicroelectronics.X-CUBE-SUBG2.4.2.0
2021-11-05 20:52:51,855 [WARN] PackLoader:238 - Cannot read IP mode file for STMicroelectronics.X-CUBE-ALGOBUILD.1.2.1
2021-11-05 20:52:51,873 [WARN] PackLoader:238 - Cannot read IP mode file for STMicroelectronics.X-CUBE-DISPLAY.1.0.0
2021-11-05 20:52:51,886 [WARN] PackLoader:238 - Cannot read IP mode file for STMicroelectronics.X-CUBE-TOUCHGFX.4.18.0
2021-11-05 20:52:51,935 [WARN] PackLoader:238 - Cannot read IP mode file for RoweBots.I-CUBE-UNISONRTOS.5.5.0-4
2021-11-05 20:52:52,131 [WARN] PackLoader:238 - Cannot read IP mode file for STMicroelectronics.X-CUBE-MEMS1.9.0.0
2021-11-05 20:52:54,048 [WARN] PackLoader:238 - Cannot read IP mode file for SEGGER.I-CUBE-embOS.1.2.0
2021-11-05 20:52:54,209 [WARN] PackLoader:238 - Cannot read IP mode file for STMicroelectronics.X-CUBE-TOUCHGFX.4.17.0
2021-11-05 20:52:54,309 [WARN] PackLoader:238 - Cannot read IP mode file for STMicroelectronics.X-CUBE-AZRTOS-H7.2.0.0
2021-11-05 20:52:54,395 [WARN] PackLoader:238 - Cannot read IP mode file for STMicroelectronics.X-CUBE-AZRTOS-L4.1.0.0
2021-11-05 20:52:54,941 [WARN] PackLoader:238 - Cannot read IP mode file for STMicroelectronics.X-CUBE-MEMS1.9.1.0
2021-11-05 20:52:55,759 [WARN] PackLoader:238 - Cannot read IP mode file for STMicroelectronics.X-CUBE-ALS.1.0.1
2021-11-05 20:52:55,780 [WARN] PackLoader:238 - Cannot read IP mode file for STMicroelectronics.X-CUBE-AI.7.0.0
2021-11-05 20:52:55,807 [WARN] PackLoader:238 - Cannot read IP mode file for STMicroelectronics.X-CUBE-EEPRMA1.3.1.0
2021-11-05 20:52:55,886 [WARN] PackLoader:238 - Cannot read IP mode file for STMicroelectronics.X-CUBE-GNSS1.5.2.0
2021-11-05 20:52:55,935 [WARN] PackLoader:238 - Cannot read IP mode file for STMicroelectronics.X-CUBE-DISPLAY.2.0.0
2021-11-05 20:52:55,961 [INFO] ThirdParty:915 - Integrity check success = true
2021-11-05 20:52:55,961 [INFO] IntegrityCheckThread:94 - exiting critical section [integrity check]
2021-11-05 20:52:55,961 [INFO] IntegrityCheckThread:97 - End integrity checks thread
2021-11-05 20:52:57,616 [INFO] DbMcusJson:93 - JSON generation date=Fri Oct 29 04:56:29 ART 2021 (1635494189)
2021-11-05 20:53:04,264 [INFO] DbMcus:175 - Found 1951 MCUs (1903 are supported by CubeMX, 1905 are visible in CubeMX)
2021-11-05 20:53:04,269 [INFO] ApiDb:251 - Load user favorites file /home/pato/.stm32cubeide/favorites.mcus.txt: 0 item(s)
2021-11-05 20:53:04,270 [INFO] ApiDb:255 - User favorites MCUs=[]
2021-11-05 20:53:04,270 [INFO] DbMcus:187 - Set 0 / 0 favorites MCUs
2021-11-05 20:53:05,450 [INFO] DbMcusDocs:79 - Found 682 MCUs documents
2021-11-05 20:53:05,452 [INFO] ApiDb:276 - Save user favorites file /home/pato/.stm32cubeide/favorites.mcus.txt: 0 item(s)
2021-11-05 20:53:05,453 [INFO] ApiDb:280 - User favorites MCUs=[]
2021-11-05 20:53:05,453 [INFO] DbMcusXml:100 - Load MCU database from /opt/st/stm32cubeide_1.7.0/plugins/com.st.stm32cube.common.mx_6.3.0.202107141111//db//mcu/families.xml
2021-11-05 20:53:09,887 [INFO] DbMcusJson:93 - JSON generation date=Fri Oct 29 04:56:29 ART 2021 (1635494189)
2021-11-05 20:53:13,402 [INFO] DbMcus:175 - Found 1951 MCUs (1903 are supported by CubeMX, 1905 are visible in CubeMX)
2021-11-05 20:53:13,403 [INFO] ApiDb:251 - Load user favorites file /home/pato/.stm32cubeide/favorites.mcus.txt: 0 item(s)
2021-11-05 20:53:13,403 [INFO] ApiDb:255 - User favorites MCUs=[]
2021-11-05 20:53:13,404 [INFO] DbMcus:187 - Set 0 / 0 favorites MCUs
2021-11-05 20:53:13,470 [INFO] DbBoardsDocs:143 - JSON generation date=Fri Oct 29 04:56:29 ART 2021 (1635494189)
2021-11-05 20:53:13,539 [INFO] DbBoardsPdsc:90 - Found 33 items
2021-11-05 20:53:13,546 [INFO] DbBoardsPdsc:90 - Found 5 items
2021-11-05 20:53:13,573 [INFO] DbBoardsPdsc:90 - Found 25 items
2021-11-05 20:53:13,580 [INFO] DbBoardsPdsc:90 - Found 9 items
2021-11-05 20:53:13,617 [INFO] DbBoardsPdsc:90 - Found 48 items
2021-11-05 20:53:13,659 [INFO] DbBoardsPdsc:90 - Found 43 items
2021-11-05 20:53:13,670 [INFO] DbBoardsPdsc:90 - Found 1 items
2021-11-05 20:53:13,678 [INFO] DbBoardsPdsc:90 - Found 2 items
2021-11-05 20:53:13,930 [WARN] DbBoardsPdsc:254 - Board STM32H7B3I-DK: unknown feature type=Audio, name=, username=Audio stereo codec with Headphone Amp (CS42L51-CNZ), n=1
2021-11-05 20:53:13,936 [WARN] DbBoardsPdsc:254 - Board STM32H735G-DK: unknown feature type=Audio, name=, username=Audio stereo codec with Headphone Amp (WM8994ECS/R), n=1
2021-11-05 20:53:13,956 [WARN] DbBoardsPdsc:254 - Board STM32H7B3I-EVAL: unknown feature type=Audio, name=, username=Multi-Channel Audio Codec (CS42L51-CNZ), n=1
2021-11-05 20:53:13,967 [WARN] DbBoardsPdsc:254 - Board STM32H7B3I-EVAL: unknown feature type=Meter, name=, username=Power-metering and Temperature-monitoring with sigma-delta modulators, n=1
2021-11-05 20:53:13,968 [WARN] DbBoardsPdsc:254 - Board STM32H7B3I-EVAL: unknown feature type=Motor, name=, username=Motor Control, n=1
2021-11-05 20:53:13,970 [WARN] DbBoardsPdsc:254 - Board STM32U575I-EV: unknown feature type=joystick, name=, username=4-direction joystick with selection button, n=1
2021-11-05 20:53:14,074 [INFO] DbBoardsJson:86 - JSON generation date=Fri Oct 29 04:56:29 ART 2021 (1635494189)
2021-11-05 20:53:14,160 [INFO] DbBoards:117 - Found 167 boards (163 are supported by CubeMX)
2021-11-05 20:53:14,165 [INFO] DbBoardsDocs:143 - JSON generation date=Fri Oct 29 04:56:29 ART 2021 (1635494189)
2021-11-05 20:53:14,191 [INFO] DbBoardsDocs:79 - Found 209 boards documents
2021-11-05 20:53:14,193 [WARN] DbBoards:127 - board B-L475E-IOT01A2 has no document id list !
2021-11-05 20:53:14,198 [WARN] DbBoards:127 - board NUCLEO-H743ZI has no document id list !
2021-11-05 20:53:14,204 [WARN] DbBoards:127 - board NUCLEO-WL55JC2 has no document id list !
2021-11-05 20:53:14,205 [WARN] DbBoards:127 - board P-NUCLEO-WB55-Nucleo has no document id list !
2021-11-05 20:53:14,205 [WARN] DbBoards:127 - board P-NUCLEO-WB55-USBDongle has no document id list !
2021-11-05 20:53:14,206 [WARN] DbBoards:127 - board STEVAL-BFA001V1B has no document id list !
2021-11-05 20:53:14,206 [WARN] DbBoards:127 - board STEVAL-BFA001V2B has no document id list !
2021-11-05 20:53:14,206 [WARN] DbBoards:127 - board STEVAL-IDP005V1 has no document id list !
2021-11-05 20:53:14,206 [WARN] DbBoards:127 - board STEVAL-IDP005V2 has no document id list !
2021-11-05 20:53:14,206 [WARN] DbBoards:127 - board STEVAL-MKSBOX1V1 has no document id list !
2021-11-05 20:53:14,207 [WARN] DbBoards:127 - board STEVAL-STWINKT1 has no document id list !
2021-11-05 20:53:14,207 [WARN] DbBoards:127 - board STEVAL-STWINKT1B has no document id list !
2021-11-05 20:53:14,208 [WARN] DbBoards:127 - board STM32439I-EVAL2 has no document id list !
2021-11-05 20:53:14,210 [WARN] DbBoards:127 - board STM32F401C-DISCO has no document id list !
2021-11-05 20:53:14,213 [WARN] DbBoards:127 - board STM32F769I-DISC1 has no document id list !
2021-11-05 20:53:14,215 [WARN] DbBoards:127 - board STM32G474E-EVAL1 has no document id list !
2021-11-05 20:53:14,216 [WARN] DbBoards:127 - board STM32H743I-EVAL2 has no document id list !
2021-11-05 20:53:14,216 [WARN] DbBoards:127 - board STM32H747I-DISC1 has no document id list !
2021-11-05 20:53:14,217 [WARN] DbBoards:127 - board STM32H753I-EVAL2 has no document id list !
2021-11-05 20:53:14,218 [WARN] DbBoards:127 - board STM32L-DISCOVERY has no document id list !
2021-11-05 20:53:15,265 [ERROR] DbBoards:189 - Image file not found for board B-U585I-IOT02A: /opt/st/stm32cubeide_1.7.0/plugins/com.st.stm32cube.common.mx_6.3.0.202107141111//db//plugins/mcufinder/images/boards/B-U585I-IOT02A_small.jpg
2021-11-05 20:53:19,835 [ERROR] DbBoards:189 - Image file not found for board STM32U575I-EV: /opt/st/stm32cubeide_1.7.0/plugins/com.st.stm32cube.common.mx_6.3.0.202107141111//db//plugins/mcufinder/images/boards/stm32u575i-ev_small.jpg
2021-11-05 20:53:20,000 [INFO] ApiDb:251 - Load user favorites file /home/pato/.stm32cubeide/favorites.boards.txt: 0 item(s)
2021-11-05 20:53:20,000 [INFO] ApiDb:255 - User favorites Boards=[]
2021-11-05 20:53:20,001 [INFO] DbBoards:206 - Set 0 / 0 favorites Boards
2021-11-05 20:53:20,013 [INFO] DbBoardsDocs:79 - Found 418 boards documents
2021-11-05 20:53:20,014 [INFO] ApiDb:276 - Save user favorites file /home/pato/.stm32cubeide/favorites.boards.txt: 0 item(s)
2021-11-05 20:53:20,014 [INFO] ApiDb:280 - User favorites Boards=[]
2021-11-05 20:53:20,030 [INFO] DbBoardsPdsc:90 - Found 33 items
2021-11-05 20:53:20,033 [INFO] DbBoardsPdsc:90 - Found 5 items
2021-11-05 20:53:20,038 [INFO] DbBoardsPdsc:90 - Found 25 items
2021-11-05 20:53:20,040 [INFO] DbBoardsPdsc:90 - Found 9 items
2021-11-05 20:53:20,049 [INFO] DbBoardsPdsc:90 - Found 48 items
2021-11-05 20:53:20,060 [INFO] DbBoardsPdsc:90 - Found 43 items
2021-11-05 20:53:20,062 [INFO] DbBoardsPdsc:90 - Found 1 items
2021-11-05 20:53:20,065 [INFO] DbBoardsPdsc:90 - Found 2 items
2021-11-05 20:53:20,074 [WARN] DbBoardsPdsc:254 - Board STM32H7B3I-DK: unknown feature type=Audio, name=, username=Audio stereo codec with Headphone Amp (CS42L51-CNZ), n=1
2021-11-05 20:53:20,075 [WARN] DbBoardsPdsc:254 - Board STM32H735G-DK: unknown feature type=Audio, name=, username=Audio stereo codec with Headphone Amp (WM8994ECS/R), n=1
2021-11-05 20:53:20,082 [WARN] DbBoardsPdsc:254 - Board STM32H7B3I-EVAL: unknown feature type=Audio, name=, username=Multi-Channel Audio Codec (CS42L51-CNZ), n=1
2021-11-05 20:53:20,082 [WARN] DbBoardsPdsc:254 - Board STM32H7B3I-EVAL: unknown feature type=Meter, name=, username=Power-metering and Temperature-monitoring with sigma-delta modulators, n=1
2021-11-05 20:53:20,082 [WARN] DbBoardsPdsc:254 - Board STM32H7B3I-EVAL: unknown feature type=Motor, name=, username=Motor Control, n=1
2021-11-05 20:53:20,091 [WARN] DbBoardsPdsc:254 - Board STM32U575I-EV: unknown feature type=joystick, name=, username=4-direction joystick with selection button, n=1
2021-11-05 20:53:20,230 [INFO] DbBoardsJson:86 - JSON generation date=Fri Oct 29 04:56:29 ART 2021 (1635494189)
2021-11-05 20:53:20,272 [INFO] DbBoards:117 - Found 167 boards (163 are supported by CubeMX)
2021-11-05 20:53:20,273 [WARN] DbBoards:127 - board B-L475E-IOT01A2 has no document id list !
2021-11-05 20:53:20,274 [WARN] DbBoards:127 - board NUCLEO-H743ZI has no document id list !
2021-11-05 20:53:20,274 [WARN] DbBoards:127 - board NUCLEO-WL55JC2 has no document id list !
2021-11-05 20:53:20,275 [WARN] DbBoards:127 - board P-NUCLEO-WB55-Nucleo has no document id list !
2021-11-05 20:53:20,275 [WARN] DbBoards:127 - board P-NUCLEO-WB55-USBDongle has no document id list !
2021-11-05 20:53:20,275 [WARN] DbBoards:127 - board STEVAL-BFA001V1B has no document id list !
2021-11-05 20:53:20,275 [WARN] DbBoards:127 - board STEVAL-BFA001V2B has no document id list !
2021-11-05 20:53:20,275 [WARN] DbBoards:127 - board STEVAL-IDP005V1 has no document id list !
2021-11-05 20:53:20,275 [WARN] DbBoards:127 - board STEVAL-IDP005V2 has no document id list !
2021-11-05 20:53:20,276 [WARN] DbBoards:127 - board STEVAL-MKSBOX1V1 has no document id list !
2021-11-05 20:53:20,276 [WARN] DbBoards:127 - board STEVAL-STWINKT1 has no document id list !
2021-11-05 20:53:20,276 [WARN] DbBoards:127 - board STEVAL-STWINKT1B has no document id list !
2021-11-05 20:53:20,276 [WARN] DbBoards:127 - board STM32439I-EVAL2 has no document id list !
2021-11-05 20:53:20,277 [WARN] DbBoards:127 - board STM32F401C-DISCO has no document id list !
2021-11-05 20:53:20,277 [WARN] DbBoards:127 - board STM32F769I-DISC1 has no document id list !
2021-11-05 20:53:20,278 [WARN] DbBoards:127 - board STM32G474E-EVAL1 has no document id list !
2021-11-05 20:53:20,278 [WARN] DbBoards:127 - board STM32H743I-EVAL2 has no document id list !
2021-11-05 20:53:20,278 [WARN] DbBoards:127 - board STM32H747I-DISC1 has no document id list !
2021-11-05 20:53:20,279 [WARN] DbBoards:127 - board STM32H753I-EVAL2 has no document id list !
2021-11-05 20:53:20,279 [WARN] DbBoards:127 - board STM32L-DISCOVERY has no document id list !
2021-11-05 20:53:20,445 [ERROR] DbBoards:189 - Image file not found for board B-U585I-IOT02A: /opt/st/stm32cubeide_1.7.0/plugins/com.st.stm32cube.common.mx_6.3.0.202107141111//db//plugins/mcufinder/images/boards/B-U585I-IOT02A_small.jpg
2021-11-05 20:53:23,177 [ERROR] DbBoards:189 - Image file not found for board STM32U575I-EV: /opt/st/stm32cubeide_1.7.0/plugins/com.st.stm32cube.common.mx_6.3.0.202107141111//db//plugins/mcufinder/images/boards/stm32u575i-ev_small.jpg
2021-11-05 20:53:23,286 [INFO] ApiDb:251 - Load user favorites file /home/pato/.stm32cubeide/favorites.boards.txt: 0 item(s)
2021-11-05 20:53:23,287 [INFO] ApiDb:255 - User favorites Boards=[]
2021-11-05 20:53:23,287 [INFO] DbBoards:206 - Set 0 / 0 favorites Boards
2021-11-05 20:53:23,347 [INFO] LoadUrlFilesThread:172 - End of LoadServerUrlFiles without Thread
2021-11-05 20:53:23,348 [INFO] TargetSelectorAdapter:224 - Refresh data is successful
2021-11-05 20:53:23,618 [INFO] ApiDb:479 - Connected to CubeFinder SQLite database (/home/pato/.stmcufinder/plugins/mcufinder/mcu/cube-finder-db.db)
2021-11-05 20:53:27,191 [INFO] DbExamplesSqlite:411 - Ignored 16 examples not supported by CubeIDE
2021-11-05 20:53:27,192 [INFO] DbExamplesSqlite:412 - Found 5811 examples active
2021-11-05 20:53:27,193 [INFO] DbExamplesSqlite:413 - Found 0 examples obsolete
2021-11-05 20:53:27,193 [INFO] DbExamplesSqlite:414 - Found 0 examples under development
2021-11-05 20:53:27,196 [INFO] DbExamplesSqlite:415 - Found 83 examples not building
2021-11-05 20:53:27,264 [INFO] DbExamplesSqlite:108 - CubeFinder database Data Model version=2.1
2021-11-05 20:53:27,265 [INFO] DbExamplesSqlite:109 - CubeFinder database Configuration version=3.0.14
2021-11-05 20:53:27,265 [INFO] DbExamplesSqlite:110 - CubeFinder database generation date=2021-10-26 (1635247417)
2021-11-05 20:53:27,266 [INFO] DbExamplesSqlite:111 - CubeFinder database FW Pack versions=[STM32Cube_FW_F4_V1.26.2, STM32Cube_FW_F7_V1.16.1, STM32Cube_FW_G0_V1.5.0, STM32Cube_FW_G4_V1.4.0, STM32Cube_FW_H7_V1.9.0, STM32Cube_FW_L5_V1.4.0, STM32Cube_FW_U5_V1.0.2, STM32Cube_FW_WB_V1.12.1, STM32Cube_FW_WL_V1.1.0, X-CUBE-ALS_V1.0.1, X-CUBE-AZRTOS-F4_V1.0.0, X-CUBE-AZRTOS-H7_V2.0.0, X-CUBE-AZRTOS-L4_V1.0.0, X-CUBE-BLE1_V6.2.1, X-CUBE-BLE2_V3.2.1, X-CUBE-EEPRMA1_V3.1.0, X-CUBE-GNSS1_V5.2.0, X-CUBE-NFC4_V2.0.3, X-CUBE-SFXS2LP1_V3.1.0, X-CUBE-SUBG2_V4.2.0]
2021-11-05 20:53:27,268 [INFO] DbExamples:130 - Found 5878 examples
2021-11-05 20:53:30,629 [ERROR] DbExamples:206 - Found 5878 examples with invalid data (board or MCU)
2021-11-05 20:53:30,629 [INFO] DbExamples:222 - Found 74 boards with related examples
2021-11-05 20:53:30,630 [INFO] DbExamples:235 - Found 0 MCUs with related examples
2021-11-05 20:53:30,683 [INFO] ApiDb:251 - Load user favorites file /home/pato/.stm32cubeide/favorites.examples.txt: 0 item(s)
2021-11-05 20:53:30,683 [INFO] ApiDb:255 - User favorites Examples=[]
2021-11-05 20:53:30,683 [INFO] DbExamples:256 - Set 0 / 0 favorites Examples
2021-11-05 20:53:31,617 [INFO] McuFinderGlobals:52 - Set McuFinderConnectedMode to false
2021-11-05 20:53:32,142 [INFO] CrossSelectorPresenter:1330 - Cross Selector saved comparison directory: /home/pato/.stmcufinder/plugins/mcufinder/mcu/cs_comparisons_mx
2021-11-05 20:53:32,156 [INFO] MultiScanPanel:197 - Auto-refresh data requested => check proxy status ongoing
2021-11-05 20:53:32,157 [INFO] MultiScanPanel:201 - Proxy status is invalid
2021-11-05 20:53:32,175 [INFO] FinderPluginLoader:87 - Searching for filters in installed packs
2021-11-05 20:53:35,820 [INFO] DetailPanel:309 - Set advertising image to /home/pato/STM32Cube/Repository//en.Prom_NBSTM32U50921.jpg
2021-11-05 20:54:26,625 [INFO] McuFinderGlobals:52 - Set McuFinderConnectedMode to true
2021-11-05 20:54:26,627 [INFO] ApiDb:276 - Save user favorites file /home/pato/.stm32cubeide/favorites.mcus.txt: 0 item(s)
2021-11-05 20:54:26,628 [INFO] ApiDb:280 - User favorites MCUs=[]
