13:54:23 **** Build of configuration Debug for project Ejercicio_delayNB_2 ****
make -j4 all 
arm-none-eabi-gcc "../Src/main.c" -mcpu=cortex-m4 -std=gnu11 -g3 -DDEBUG -DSTM32 -DSTM32F429ZITx -DSTM32F4 -DNUCLEO_F429ZI -DUSE_HAL_DRIVER -DSTM32F429xx -c -I../Inc -I"/home/pato/Embebidos/CESE/PdM_workspace/Ejercicio_delayNB_2/Drivers/STM32F4xx_HAL_Driver/Inc" -I"/home/pato/Embebidos/CESE/PdM_workspace/Ejercicio_delayNB_2/Drivers/CMSIS/Include" -I"/home/pato/Embebidos/CESE/PdM_workspace/Ejercicio_delayNB_2/Drivers/CMSIS/Device/ST/STM32F4xx/Include" -I"/home/pato/Embebidos/CESE/PdM_workspace/Ejercicio_delayNB_2/Drivers/BSP/STM32F4xx_Nucleo_144" -I"/home/pato/Embebidos/CESE/PdM_workspace/Ejercicio_delayNB_2/Drivers/Core/Inc" -O0 -ffunction-sections -fdata-sections -Wall -fstack-usage -MMD -MP -MF"Src/main.d" -MT"Src/main.o" --specs=nano.specs -mfpu=fpv4-sp-d16 -mfloat-abi=hard -mthumb -o "Src/main.o"
arm-none-eabi-gcc -o "Ejercicio_delayNB_2.elf" @"objects.list"   -mcpu=cortex-m4 -T"/home/pato/Embebidos/CESE/PdM_workspace/Ejercicio_delayNB_2/STM32F429ZITX_FLASH.ld" --specs=nosys.specs -Wl,-Map="Ejercicio_delayNB_2.map" -Wl,--gc-sections -static --specs=nano.specs -mfpu=fpv4-sp-d16 -mfloat-abi=hard -mthumb -Wl,--start-group -lc -lm -Wl,--end-group
Finished building target: Ejercicio_delayNB_2.elf
 
arm-none-eabi-size   Ejercicio_delayNB_2.elf 
arm-none-eabi-objdump -h -S  Ejercicio_delayNB_2.elf  > "Ejercicio_delayNB_2.list"
   text	   data	    bss	    dec	    hex	filename
   6392	     32	   1608	   8032	   1f60	Ejercicio_delayNB_2.elf
arm-none-eabi-objcopy  -O binary  Ejercicio_delayNB_2.elf  "Ejercicio_delayNB_2.bin"
Finished building: default.size.stdout
 
Finished building: Ejercicio_delayNB_2.bin
 
Finished building: Ejercicio_delayNB_2.list
 
13:57:59 **** Incremental Build of configuration Debug for project Ejercicio_delayNB_1 ****
make -j4 all 
arm-none-eabi-size   Ejercicio_delayNB_1.elf 
   text	   data	    bss	    dec	    hex	filename
   6316	     32	   1568	   7916	   1eec	Ejercicio_delayNB_1.elf
Finished building: default.size.stdout
 
13:58:01 **** Incremental Build of configuration Debug for project Ejercicio_delayNB_2 ****
make -j4 all 
arm-none-eabi-size   Ejercicio_delayNB_2.elf 
   text	   data	    bss	    dec	    hex	filename
   6392	     32	   1608	   8032	   1f60	Ejercicio_delayNB_2.elf
Finished building: default.size.stdout
 
